tuning reward function: compute_tpch_total_exec_time_scaled
tuning reward signal: tpch_total_exec_time
experience replay reward func: compute_tpch_total_exec_time_scaled
index tune cc payload {'direct': [0, 1, 0, 0, 0, 1, 0, 0, 0, 1, 0, 0, 0, 1, 0, 0, 0, 1, 0, 0, 0, 1, 0, 0, 0, 1, 0, 0, 0, 1, 0, 0, 0, 1, 0, 0, 0, 1, 0, 0], 'indirect': [0.390625, 0.015541642952001517, 0.125, 0.0625, 0.0625]}
index tune cc payload {'direct': [0, 1, 0, 0, 0, 1, 0, 0, 0, 1, 0, 0, 0, 1, 0, 0, 0, 1, 0, 0, 0, 1, 0, 0, 0, 1, 0, 0, 0, 1, 0, 0, 0, 1, 0, 0, 1, 1, 0, 0], 'indirect': [0.390625, 0.015541642952001517, 0.125, 0.0625, 0.0625]}
index tune cc payload {'direct': [0, 1, 0, 0, 0, 1, 0, 0, 0, 1, 0, 0, 0, 1, 0, 0, 0, 1, 0, 0, 0, 1, 0, 0, 1, 1, 0, 0, 0, 1, 0, 0, 0, 1, 0, 0, 1, 1, 0, 0], 'indirect': [0.390625, 0.015541642952001517, 0.125, 0.0625, 0.0625]}
index tune cc payload {'direct': [0, 1, 0, 0, 0, 1, 0, 0, 0, 1, 0, 0, 0, 1, 0, 0, 0, 1, 0, 0, 0, 1, 0, 0, 1, 1, 0, 0, 0, 1, 0, 0, 0, 1, 0, 0, 1, 1, 0, 0], 'indirect': [0.390625, 0.015541642952001517, 0.125, 0.0625, 0.0625]}
index tune cc payload {'direct': [0, 1, 0, 0, 0, 1, 0, 0, 0, 1, 0, 0, 0, 1, 0, 0, 0, 1, 0, 0, 0, 1, 0, 0, 1, 1, 0, 0, 0, 1, 0, 0, 0, 1, 0, 0, 1, 1, 0, 0], 'indirect': [0.390625, 0.015541642952001517, 0.125, 0.0625, 0.0625]}
index tune cc payload {'direct': [0, 1, 0, 0, 0, 1, 1, 0, 0, 1, 0, 0, 0, 1, 0, 0, 0, 1, 0, 0, 0, 1, 0, 0, 1, 1, 0, 0, 0, 1, 0, 0, 0, 1, 0, 0, 1, 1, 0, 0], 'indirect': [0.390625, 0.015541642952001517, 0.125, 0.0625, 0.0625]}
index tune cc payload {'direct': [0, 1, 0, 1, 0, 1, 1, 0, 0, 1, 0, 0, 0, 1, 0, 0, 0, 1, 0, 0, 0, 1, 0, 0, 1, 1, 0, 0, 0, 1, 0, 0, 0, 1, 0, 0, 1, 1, 0, 0], 'indirect': [0.390625, 0.015541642952001517, 0.125, 0.0625, 0.0625]}
index tune cc payload {'direct': [0, 1, 0, 1, 0, 1, 1, 0, 1, 1, 0, 0, 0, 1, 0, 0, 0, 1, 0, 0, 0, 1, 0, 0, 1, 1, 0, 0, 0, 1, 0, 0, 0, 1, 0, 0, 1, 1, 0, 0], 'indirect': [0.390625, 0.015541642952001517, 0.125, 0.0625, 0.0625]}
index tune cc payload {'direct': [1, 1, 0, 1, 0, 1, 1, 0, 1, 1, 0, 0, 0, 1, 0, 0, 0, 1, 0, 0, 0, 1, 0, 0, 1, 1, 0, 0, 0, 1, 0, 0, 0, 1, 0, 0, 1, 1, 0, 0], 'indirect': [0.390625, 0.015541642952001517, 0.125, 0.0625, 0.0625]}
index tune cc payload {'direct': [1, 1, 0, 1, 0, 1, 1, 0, 1, 1, 0, 0, 0, 1, 0, 0, 0, 1, 0, 0, 0, 1, 0, 0, 1, 1, 0, 0, 0, 1, 0, 0, 0, 1, 0, 0, 1, 1, 1, 0], 'indirect': [0.390625, 0.015541642952001517, 0.125, 0.0625, 0.0625]}
index tune cc payload {'direct': [1, 1, 0, 1, 0, 1, 1, 0, 1, 1, 0, 0, 0, 1, 0, 0, 0, 1, 0, 0, 0, 1, 0, 0, 1, 1, 0, 0, 0, 1, 0, 0, 0, 1, 0, 0, 1, 1, 1, 0], 'indirect': [0.390625, 0.015541642952001517, 0.125, 0.0625, 0.0625]}
index tune cc payload {'direct': [1, 1, 0, 1, 0, 1, 1, 0, 1, 1, 0, 0, 0, 1, 0, 0, 0, 1, 0, 0, 0, 1, 0, 0, 1, 1, 0, 0, 0, 1, 0, 0, 0, 1, 0, 0, 1, 1, 1, 0], 'indirect': [0.390625, 0.015541642952001517, 0.125, 0.0625, 0.0625]}
index tune cc payload {'direct': [1, 1, 0, 0, 0, 1, 1, 0, 1, 1, 0, 0, 0, 1, 0, 0, 0, 1, 0, 0, 0, 1, 0, 0, 1, 1, 0, 0, 0, 1, 0, 0, 0, 1, 0, 0, 1, 1, 1, 0], 'indirect': [0.390625, 0.015541642952001517, 0.125, 0.0625, 0.0625]}
index tune cc payload {'direct': [1, 1, 0, 0, 0, 1, 1, 0, 1, 1, 0, 0, 0, 1, 0, 0, 0, 1, 0, 0, 0, 1, 0, 0, 1, 1, 0, 1, 0, 1, 0, 0, 0, 1, 0, 0, 1, 1, 1, 0], 'indirect': [0.390625, 0.015541642952001517, 0.125, 0.0625, 0.0625]}
index tune cc payload {'direct': [1, 1, 0, 0, 0, 1, 1, 0, 1, 1, 0, 0, 0, 1, 0, 0, 0, 1, 0, 0, 0, 1, 0, 0, 1, 1, 0, 1, 0, 1, 0, 0, 0, 1, 0, 0, 1, 1, 1, 0], 'indirect': [0.390625, 0.015541642952001517, 0.125, 0.0625, 0.0625]}
index tune cc payload {'direct': [1, 1, 0, 0, 0, 1, 1, 0, 1, 1, 0, 0, 0, 1, 0, 0, 1, 1, 0, 0, 0, 1, 0, 0, 1, 1, 0, 1, 0, 1, 0, 0, 0, 1, 0, 0, 1, 1, 1, 0], 'indirect': [0.390625, 0.015541642952001517, 0.125, 0.0625, 0.0625]}
index tune cc payload {'direct': [1, 1, 0, 0, 0, 1, 1, 0, 1, 1, 0, 0, 0, 1, 0, 0, 1, 1, 0, 0, 0, 1, 0, 0, 0, 1, 0, 1, 0, 1, 0, 0, 0, 1, 0, 0, 1, 1, 1, 0], 'indirect': [0.390625, 0.015541642952001517, 0.125, 0.0625, 0.0625]}
index tune cc payload {'direct': [1, 1, 0, 0, 0, 1, 1, 0, 1, 1, 0, 0, 0, 1, 0, 0, 0, 1, 0, 0, 0, 1, 0, 0, 0, 1, 0, 1, 0, 1, 0, 0, 0, 1, 0, 0, 1, 1, 1, 0], 'indirect': [0.390625, 0.015541642952001517, 0.125, 0.0625, 0.0625]}
index tune cc payload {'direct': [1, 1, 0, 0, 0, 1, 1, 0, 1, 1, 0, 0, 0, 1, 0, 0, 0, 1, 0, 0, 0, 1, 0, 1, 0, 1, 0, 1, 0, 1, 0, 0, 0, 1, 0, 0, 1, 1, 1, 0], 'indirect': [0.390625, 0.015541642952001517, 0.125, 0.0625, 0.0625]}
index tune cc payload {'direct': [0, 1, 0, 0, 0, 1, 1, 0, 1, 1, 0, 0, 0, 1, 0, 0, 0, 1, 0, 0, 0, 1, 0, 1, 0, 1, 0, 1, 0, 1, 0, 0, 0, 1, 0, 0, 1, 1, 1, 0], 'indirect': [0.390625, 0.015541642952001517, 0.125, 0.0625, 0.0625]}
index tune cc payload {'direct': [0, 1, 0, 0, 0, 1, 1, 0, 1, 1, 0, 0, 0, 1, 0, 0, 0, 1, 0, 0, 0, 1, 0, 1, 0, 1, 0, 1, 0, 1, 0, 0, 0, 1, 0, 0, 1, 1, 1, 0], 'indirect': [0.390625, 0.015541642952001517, 0.125, 0.0625, 0.0625]}
index tune cc payload {'direct': [1, 1, 0, 0, 0, 1, 1, 0, 1, 1, 0, 0, 0, 1, 0, 0, 0, 1, 0, 0, 0, 1, 0, 1, 0, 1, 0, 1, 0, 1, 0, 0, 0, 1, 0, 0, 1, 1, 1, 0], 'indirect': [0.390625, 0.015541642952001517, 0.125, 0.0625, 0.0625]}
index tune cc payload {'direct': [1, 1, 0, 0, 0, 1, 1, 0, 1, 1, 0, 0, 0, 1, 0, 0, 0, 1, 0, 0, 0, 1, 0, 1, 0, 1, 0, 1, 0, 1, 0, 0, 0, 1, 0, 1, 1, 1, 1, 0], 'indirect': [0.390625, 0.015541642952001517, 0.125, 0.0625, 0.0625]}
index tune cc payload {'direct': [1, 1, 0, 0, 0, 1, 1, 0, 1, 1, 1, 0, 0, 1, 0, 0, 0, 1, 0, 0, 0, 1, 0, 1, 0, 1, 0, 1, 0, 1, 0, 0, 0, 1, 0, 1, 1, 1, 1, 0], 'indirect': [0.390625, 0.015541642952001517, 0.125, 0.0625, 0.0625]}
index tune cc payload {'direct': [1, 1, 0, 0, 0, 1, 1, 0, 1, 1, 1, 0, 0, 1, 0, 0, 0, 1, 0, 0, 0, 1, 0, 0, 0, 1, 0, 1, 0, 1, 0, 0, 0, 1, 0, 1, 1, 1, 1, 0], 'indirect': [0.390625, 0.015541642952001517, 0.125, 0.0625, 0.0625]}
index tune cc payload {'direct': [1, 1, 0, 0, 0, 1, 1, 0, 1, 1, 1, 0, 0, 1, 0, 0, 1, 1, 0, 0, 0, 1, 0, 0, 0, 1, 0, 1, 0, 1, 0, 0, 0, 1, 0, 1, 1, 1, 1, 0], 'indirect': [0.390625, 0.015541642952001517, 0.125, 0.0625, 0.0625]}
index tune cc payload {'direct': [1, 1, 0, 0, 0, 1, 1, 0, 1, 1, 1, 0, 0, 1, 0, 0, 0, 1, 0, 0, 0, 1, 0, 0, 0, 1, 0, 1, 0, 1, 0, 0, 0, 1, 0, 1, 1, 1, 1, 0], 'indirect': [0.390625, 0.015541642952001517, 0.125, 0.0625, 0.0625]}
index tune cc payload {'direct': [1, 1, 0, 0, 0, 1, 1, 0, 1, 1, 0, 0, 0, 1, 0, 0, 0, 1, 0, 0, 0, 1, 0, 0, 0, 1, 0, 1, 0, 1, 0, 0, 0, 1, 0, 1, 1, 1, 1, 0], 'indirect': [0.390625, 0.015541642952001517, 0.125, 0.0625, 0.0625]}
index tune cc payload {'direct': [1, 1, 0, 0, 0, 1, 1, 0, 1, 1, 0, 0, 0, 1, 0, 0, 0, 1, 0, 0, 0, 1, 0, 0, 1, 1, 0, 1, 0, 1, 0, 0, 0, 1, 0, 1, 1, 1, 1, 0], 'indirect': [0.390625, 0.015541642952001517, 0.125, 0.0625, 0.0625]}
index tune cc payload {'direct': [1, 1, 0, 0, 0, 1, 1, 0, 1, 1, 0, 0, 0, 1, 0, 0, 0, 1, 0, 0, 0, 1, 0, 0, 1, 1, 0, 1, 0, 1, 0, 0, 0, 1, 0, 1, 1, 1, 1, 0], 'indirect': [0.390625, 0.015541642952001517, 0.125, 0.0625, 0.0625]}
index tune cc payload {'direct': [1, 1, 0, 0, 1, 1, 1, 0, 1, 1, 0, 0, 0, 1, 0, 0, 0, 1, 0, 0, 0, 1, 0, 0, 1, 1, 0, 1, 0, 1, 0, 0, 0, 1, 0, 1, 1, 1, 1, 0], 'indirect': [0.390625, 0.015541642952001517, 0.125, 0.0625, 0.0625]}
index tune cc payload {'direct': [1, 1, 0, 0, 1, 1, 1, 0, 1, 1, 0, 0, 0, 1, 0, 0, 0, 1, 0, 0, 0, 1, 1, 0, 1, 1, 0, 1, 0, 1, 0, 0, 0, 1, 0, 1, 1, 1, 1, 0], 'indirect': [0.390625, 0.015541642952001517, 0.125, 0.0625, 0.0625]}
index tune cc payload {'direct': [1, 1, 0, 0, 1, 1, 1, 0, 1, 1, 0, 0, 0, 1, 0, 0, 0, 1, 0, 0, 0, 1, 1, 0, 1, 1, 0, 1, 0, 1, 0, 0, 0, 1, 0, 1, 1, 1, 1, 0], 'indirect': [0.390625, 0.015541642952001517, 0.125, 0.0625, 0.0625]}
index tune cc payload {'direct': [1, 1, 0, 0, 1, 1, 1, 0, 1, 1, 0, 0, 0, 1, 0, 0, 0, 1, 0, 0, 0, 1, 1, 0, 1, 1, 0, 1, 0, 1, 0, 0, 1, 1, 0, 1, 1, 1, 1, 0], 'indirect': [0.390625, 0.015541642952001517, 0.125, 0.0625, 0.0625]}
index tune cc payload {'direct': [1, 1, 0, 0, 0, 1, 1, 0, 1, 1, 0, 0, 0, 1, 0, 0, 0, 1, 0, 0, 0, 1, 1, 0, 1, 1, 0, 1, 0, 1, 0, 0, 1, 1, 0, 1, 1, 1, 1, 0], 'indirect': [0.390625, 0.015541642952001517, 0.125, 0.0625, 0.0625]}
index tune cc payload {'direct': [1, 1, 0, 0, 0, 1, 1, 0, 1, 1, 0, 0, 0, 1, 0, 0, 1, 1, 0, 0, 0, 1, 1, 0, 1, 1, 0, 1, 0, 1, 0, 0, 1, 1, 0, 1, 1, 1, 1, 0], 'indirect': [0.390625, 0.015541642952001517, 0.125, 0.0625, 0.0625]}
index tune cc payload {'direct': [1, 1, 0, 0, 0, 1, 1, 0, 1, 1, 0, 0, 0, 1, 0, 0, 1, 1, 0, 0, 0, 1, 1, 0, 1, 1, 0, 1, 0, 1, 0, 0, 1, 1, 0, 1, 1, 1, 1, 0], 'indirect': [0.390625, 0.015541642952001517, 0.125, 0.0625, 0.0625]}
index tune cc payload {'direct': [1, 1, 0, 0, 0, 1, 1, 0, 1, 1, 0, 0, 0, 1, 0, 0, 1, 1, 0, 0, 0, 1, 1, 0, 1, 1, 0, 1, 0, 1, 0, 0, 1, 1, 0, 1, 1, 1, 0, 0], 'indirect': [0.390625, 0.015541642952001517, 0.125, 0.0625, 0.0625]}
index tune cc payload {'direct': [1, 1, 0, 0, 0, 1, 1, 0, 1, 1, 0, 0, 0, 1, 0, 0, 1, 1, 0, 0, 0, 1, 1, 0, 1, 1, 0, 1, 0, 1, 0, 0, 1, 1, 0, 1, 1, 1, 1, 0], 'indirect': [0.390625, 0.015541642952001517, 0.125, 0.0625, 0.0625]}
index tune cc payload {'direct': [1, 1, 0, 0, 0, 1, 1, 0, 1, 1, 0, 0, 0, 1, 0, 0, 1, 1, 0, 0, 0, 1, 1, 0, 1, 1, 0, 1, 0, 1, 0, 0, 1, 1, 0, 1, 1, 1, 1, 0], 'indirect': [0.390625, 0.015541642952001517, 0.125, 0.0625, 0.0625]}
index tune cc payload {'direct': [1, 1, 0, 0, 0, 1, 1, 0, 1, 1, 0, 0, 0, 1, 0, 0, 1, 1, 0, 0, 0, 1, 1, 0, 1, 1, 0, 1, 0, 1, 0, 0, 1, 1, 0, 1, 1, 1, 1, 0], 'indirect': [0.390625, 0.015541642952001517, 0.125, 0.0625, 0.0625]}
index tune cc payload {'direct': [1, 1, 0, 0, 0, 1, 1, 0, 1, 1, 0, 0, 0, 1, 0, 0, 1, 1, 0, 0, 0, 1, 0, 0, 1, 1, 0, 1, 0, 1, 0, 0, 1, 1, 0, 1, 1, 1, 1, 0], 'indirect': [0.390625, 0.015541642952001517, 0.125, 0.0625, 0.0625]}
index tune cc payload {'direct': [1, 1, 0, 0, 0, 1, 1, 0, 1, 1, 0, 0, 0, 1, 0, 0, 1, 1, 0, 0, 0, 1, 0, 0, 1, 1, 0, 0, 0, 1, 0, 0, 1, 1, 0, 1, 1, 1, 1, 0], 'indirect': [0.390625, 0.015541642952001517, 0.125, 0.0625, 0.0625]}
index tune cc payload {'direct': [1, 1, 0, 0, 0, 1, 1, 0, 1, 1, 0, 0, 0, 1, 0, 0, 1, 1, 0, 0, 0, 1, 0, 0, 1, 1, 0, 0, 0, 1, 0, 0, 1, 1, 0, 1, 1, 1, 1, 0], 'indirect': [0.390625, 0.015541642952001517, 0.125, 0.0625, 0.0625]}
index tune cc payload {'direct': [1, 1, 0, 0, 0, 1, 1, 0, 1, 1, 0, 0, 0, 1, 0, 0, 1, 1, 0, 0, 0, 1, 0, 0, 1, 1, 0, 0, 0, 1, 0, 0, 1, 1, 0, 1, 1, 1, 1, 0], 'indirect': [0.390625, 0.015541642952001517, 0.125, 0.0625, 0.0625]}
index tune cc payload {'direct': [1, 1, 0, 0, 0, 1, 1, 0, 1, 1, 0, 0, 1, 1, 0, 0, 1, 1, 0, 0, 0, 1, 0, 0, 1, 1, 0, 0, 0, 1, 0, 0, 1, 1, 0, 1, 1, 1, 1, 0], 'indirect': [0.390625, 0.015541642952001517, 0.125, 0.0625, 0.0625]}
index tune cc payload {'direct': [1, 1, 0, 0, 0, 1, 1, 0, 1, 1, 0, 0, 1, 1, 0, 0, 1, 1, 0, 0, 0, 1, 0, 0, 1, 1, 0, 0, 0, 1, 0, 0, 1, 1, 0, 1, 1, 1, 1, 0], 'indirect': [0.390625, 0.015541642952001517, 0.125, 0.0625, 0.0625]}
index tune cc payload {'direct': [1, 1, 0, 0, 0, 1, 1, 0, 1, 1, 0, 0, 1, 1, 0, 0, 1, 1, 0, 0, 0, 1, 0, 0, 1, 1, 0, 0, 0, 1, 0, 0, 1, 1, 0, 1, 0, 1, 1, 0], 'indirect': [0.390625, 0.015541642952001517, 0.125, 0.0625, 0.0625]}
index tune cc payload {'direct': [1, 1, 0, 0, 0, 1, 1, 0, 1, 1, 0, 0, 1, 1, 0, 0, 1, 1, 0, 0, 0, 1, 0, 0, 1, 1, 0, 0, 1, 1, 0, 0, 1, 1, 0, 1, 0, 1, 1, 0], 'indirect': [0.390625, 0.015541642952001517, 0.125, 0.0625, 0.0625]}
index tune cc payload {'direct': [1, 1, 0, 0, 0, 1, 1, 0, 1, 1, 0, 0, 1, 1, 0, 0, 1, 1, 0, 0, 0, 1, 0, 0, 1, 1, 0, 0, 1, 1, 0, 0, 1, 1, 0, 1, 0, 1, 0, 0], 'indirect': [0.390625, 0.015541642952001517, 0.125, 0.0625, 0.0625]}
index tune cc payload {'direct': [1, 1, 0, 0, 0, 1, 1, 0, 1, 1, 0, 0, 1, 1, 0, 0, 1, 1, 0, 0, 0, 1, 0, 0, 1, 1, 0, 0, 1, 1, 0, 0, 1, 1, 0, 1, 0, 1, 0, 0], 'indirect': [0.390625, 0.015541642952001517, 0.125, 0.0625, 0.0625]}
index tune cc payload {'direct': [1, 1, 0, 0, 0, 1, 1, 0, 1, 1, 0, 0, 1, 1, 0, 0, 1, 1, 0, 0, 0, 1, 0, 0, 1, 1, 0, 0, 1, 1, 0, 0, 1, 1, 0, 1, 0, 1, 0, 0], 'indirect': [0.390625, 0.015541642952001517, 0.125, 0.0625, 0.0625]}
index tune cc payload {'direct': [1, 1, 0, 0, 0, 1, 1, 0, 1, 1, 0, 0, 1, 1, 0, 0, 1, 1, 0, 0, 0, 1, 0, 0, 1, 1, 0, 0, 1, 1, 0, 0, 1, 1, 0, 1, 0, 1, 0, 0], 'indirect': [0.390625, 0.015541642952001517, 0.125, 0.0625, 0.0625]}
index tune cc payload {'direct': [1, 1, 0, 0, 0, 1, 1, 0, 1, 1, 0, 0, 1, 1, 0, 0, 1, 1, 0, 0, 0, 1, 0, 0, 1, 1, 0, 0, 1, 1, 0, 0, 1, 1, 0, 1, 0, 1, 0, 0], 'indirect': [0.390625, 0.015541642952001517, 0.125, 0.0625, 0.0625]}
index tune cc payload {'direct': [1, 1, 0, 0, 0, 1, 1, 0, 1, 1, 0, 0, 1, 1, 0, 0, 1, 1, 0, 0, 0, 1, 0, 0, 1, 1, 1, 0, 1, 1, 0, 0, 1, 1, 0, 1, 0, 1, 0, 0], 'indirect': [0.390625, 0.015541642952001517, 0.125, 0.0625, 0.0625]}
index tune cc payload {'direct': [1, 1, 0, 0, 0, 1, 1, 0, 1, 1, 1, 0, 1, 1, 0, 0, 1, 1, 0, 0, 0, 1, 0, 0, 1, 1, 1, 0, 1, 1, 0, 0, 1, 1, 0, 1, 0, 1, 0, 0], 'indirect': [0.390625, 0.015541642952001517, 0.125, 0.0625, 0.0625]}
index tune cc payload {'direct': [1, 1, 0, 0, 0, 1, 1, 0, 1, 1, 1, 0, 1, 1, 0, 0, 1, 1, 0, 1, 0, 1, 0, 0, 1, 1, 1, 0, 1, 1, 0, 0, 1, 1, 0, 1, 0, 1, 0, 0], 'indirect': [0.390625, 0.015541642952001517, 0.125, 0.0625, 0.0625]}
index tune cc payload {'direct': [0, 1, 0, 0, 0, 1, 1, 0, 1, 1, 1, 0, 1, 1, 0, 0, 1, 1, 0, 1, 0, 1, 0, 0, 1, 1, 1, 0, 1, 1, 0, 0, 1, 1, 0, 1, 0, 1, 0, 0], 'indirect': [0.390625, 0.015541642952001517, 0.125, 0.0625, 0.0625]}
index tune cc payload {'direct': [0, 1, 0, 0, 0, 1, 1, 0, 1, 1, 1, 0, 1, 1, 0, 0, 1, 1, 0, 1, 0, 1, 0, 0, 1, 1, 1, 0, 1, 1, 0, 0, 1, 1, 1, 1, 0, 1, 0, 0], 'indirect': [0.390625, 0.015541642952001517, 0.125, 0.0625, 0.0625]}
index tune cc payload {'direct': [0, 1, 0, 0, 1, 1, 1, 0, 1, 1, 1, 0, 1, 1, 0, 0, 1, 1, 0, 1, 0, 1, 0, 0, 1, 1, 1, 0, 1, 1, 0, 0, 1, 1, 1, 1, 0, 1, 0, 0], 'indirect': [0.390625, 0.015541642952001517, 0.125, 0.0625, 0.0625]}
index tune cc payload {'direct': [0, 1, 0, 0, 1, 1, 1, 0, 1, 1, 1, 0, 1, 1, 0, 0, 1, 1, 0, 1, 0, 1, 0, 0, 1, 1, 1, 0, 1, 1, 0, 0, 0, 1, 1, 1, 0, 1, 0, 0], 'indirect': [0.390625, 0.015541642952001517, 0.125, 0.0625, 0.0625]}
experience replay saved to:
experience_replay/dqn_index_tune/experience_replay_sysbench_tune_2024-11-0605:03:25186952.json
length of state in index tune 45 [0, 1, 0, 0, 0, 1, 0, 0, 0, 1, 0, 0, 0, 1, 0, 0, 0, 1, 0, 0, 0, 1, 0, 0, 0, 1, 0, 0, 0, 1, 0, 0, 0, 1, 0, 0, 0, 1, 0, 0, 5368709120, 15, 15, 42, 4919]
setting weights
state here [0, 1, 0, 0, 0, 1, 0, 0, 0, 1, 0, 0, 0, 1, 0, 0, 0, 1, 0, 0, 0, 1, 0, 0, 0, 1, 0, 0, 0, 1, 0, 0, 0, 1, 0, 0, 0, 1, 0, 0, 5368709120, 15, 15, 42, 4919]
random
11
index tune cc payload {'direct': [0, 1, 0, 0, 0, 1, 0, 0, 0, 1, 0, 1, 0, 1, 0, 0, 0, 1, 0, 0, 0, 1, 0, 0, 0, 1, 0, 0, 0, 1, 0, 0, 0, 1, 0, 0, 0, 1, 0, 0], 'indirect': [0.390625, 0.015541642952001517, 0.125, 0.0625, 0.0625]}
state here [0, 1, 0, 0, 0, 1, 0, 0, 0, 1, 0, 1, 0, 1, 0, 0, 0, 1, 0, 0, 0, 1, 0, 0, 0, 1, 0, 0, 0, 1, 0, 0, 0, 1, 0, 0, 0, 1, 0, 0, 5368709120, 15, 15, 42, 4919]
random
3
index tune cc payload {'direct': [0, 1, 0, 1, 0, 1, 0, 0, 0, 1, 0, 1, 0, 1, 0, 0, 0, 1, 0, 0, 0, 1, 0, 0, 0, 1, 0, 0, 0, 1, 0, 0, 0, 1, 0, 0, 0, 1, 0, 0], 'indirect': [0.390625, 0.015541642952001517, 0.125, 0.0625, 0.0625]}
state here [0, 1, 0, 1, 0, 1, 0, 0, 0, 1, 0, 1, 0, 1, 0, 0, 0, 1, 0, 0, 0, 1, 0, 0, 0, 1, 0, 0, 0, 1, 0, 0, 0, 1, 0, 0, 0, 1, 0, 0, 5368709120, 15, 15, 42, 4919]
random
3
index tune cc payload {'direct': [0, 1, 0, 0, 0, 1, 0, 0, 0, 1, 0, 1, 0, 1, 0, 0, 0, 1, 0, 0, 0, 1, 0, 0, 0, 1, 0, 0, 0, 1, 0, 0, 0, 1, 0, 0, 0, 1, 0, 0], 'indirect': [0.390625, 0.015541642952001517, 0.125, 0.0625, 0.0625]}
state here [0, 1, 0, 0, 0, 1, 0, 0, 0, 1, 0, 1, 0, 1, 0, 0, 0, 1, 0, 0, 0, 1, 0, 0, 0, 1, 0, 0, 0, 1, 0, 0, 0, 1, 0, 0, 0, 1, 0, 0, 5368709120, 15, 15, 42, 4919]
random
8
index tune cc payload {'direct': [0, 1, 0, 0, 0, 1, 0, 0, 1, 1, 0, 1, 0, 1, 0, 0, 0, 1, 0, 0, 0, 1, 0, 0, 0, 1, 0, 0, 0, 1, 0, 0, 0, 1, 0, 0, 0, 1, 0, 0], 'indirect': [0.390625, 0.015541642952001517, 0.125, 0.0625, 0.0625]}
state here [0, 1, 0, 0, 0, 1, 0, 0, 1, 1, 0, 1, 0, 1, 0, 0, 0, 1, 0, 0, 0, 1, 0, 0, 0, 1, 0, 0, 0, 1, 0, 0, 0, 1, 0, 0, 0, 1, 0, 0, 5368709120, 15, 15, 42, 4919]
random
13
index tune cc payload {'direct': [0, 1, 0, 0, 0, 1, 0, 0, 1, 1, 0, 1, 0, 1, 0, 0, 0, 1, 0, 0, 0, 1, 0, 0, 0, 1, 0, 0, 0, 1, 0, 0, 0, 1, 0, 0, 0, 1, 0, 0], 'indirect': [0.390625, 0.015541642952001517, 0.125, 0.0625, 0.0625]}
state here [0, 1, 0, 0, 0, 1, 0, 0, 1, 1, 0, 1, 0, 1, 0, 0, 0, 1, 0, 0, 0, 1, 0, 0, 0, 1, 0, 0, 0, 1, 0, 0, 0, 1, 0, 0, 0, 1, 0, 0, 5368709120, 15, 15, 42, 4919]
random
11
index tune cc payload {'direct': [0, 1, 0, 0, 0, 1, 0, 0, 1, 1, 0, 0, 0, 1, 0, 0, 0, 1, 0, 0, 0, 1, 0, 0, 0, 1, 0, 0, 0, 1, 0, 0, 0, 1, 0, 0, 0, 1, 0, 0], 'indirect': [0.390625, 0.015541642952001517, 0.125, 0.0625, 0.0625]}
state here [0, 1, 0, 0, 0, 1, 0, 0, 1, 1, 0, 0, 0, 1, 0, 0, 0, 1, 0, 0, 0, 1, 0, 0, 0, 1, 0, 0, 0, 1, 0, 0, 0, 1, 0, 0, 0, 1, 0, 0, 5368709120, 15, 15, 42, 4919]
random
6
index tune cc payload {'direct': [0, 1, 0, 0, 0, 1, 1, 0, 1, 1, 0, 0, 0, 1, 0, 0, 0, 1, 0, 0, 0, 1, 0, 0, 0, 1, 0, 0, 0, 1, 0, 0, 0, 1, 0, 0, 0, 1, 0, 0], 'indirect': [0.390625, 0.015541642952001517, 0.125, 0.0625, 0.0625]}
state here [0, 1, 0, 0, 0, 1, 1, 0, 1, 1, 0, 0, 0, 1, 0, 0, 0, 1, 0, 0, 0, 1, 0, 0, 0, 1, 0, 0, 0, 1, 0, 0, 0, 1, 0, 0, 0, 1, 0, 0, 5368709120, 15, 15, 42, 4919]
random
30
index tune cc payload {'direct': [0, 1, 0, 0, 0, 1, 1, 0, 1, 1, 0, 0, 0, 1, 0, 0, 0, 1, 0, 0, 0, 1, 0, 0, 0, 1, 0, 0, 0, 1, 1, 0, 0, 1, 0, 0, 0, 1, 0, 0], 'indirect': [0.390625, 0.015541642952001517, 0.125, 0.0625, 0.0625]}
state here [0, 1, 0, 0, 0, 1, 1, 0, 1, 1, 0, 0, 0, 1, 0, 0, 0, 1, 0, 0, 0, 1, 0, 0, 0, 1, 0, 0, 0, 1, 1, 0, 0, 1, 0, 0, 0, 1, 0, 0, 5368709120, 15, 15, 42, 4919]
random
35
index tune cc payload {'direct': [0, 1, 0, 0, 0, 1, 1, 0, 1, 1, 0, 0, 0, 1, 0, 0, 0, 1, 0, 0, 0, 1, 0, 0, 0, 1, 0, 0, 0, 1, 1, 0, 0, 1, 0, 1, 0, 1, 0, 0], 'indirect': [0.390625, 0.015541642952001517, 0.125, 0.0625, 0.0625]}
state here [0, 1, 0, 0, 0, 1, 1, 0, 1, 1, 0, 0, 0, 1, 0, 0, 0, 1, 0, 0, 0, 1, 0, 0, 0, 1, 0, 0, 0, 1, 1, 0, 0, 1, 0, 1, 0, 1, 0, 0, 5368709120, 15, 15, 42, 4919]
random
22
index tune cc payload {'direct': [0, 1, 0, 0, 0, 1, 1, 0, 1, 1, 0, 0, 0, 1, 0, 0, 0, 1, 0, 0, 0, 1, 1, 0, 0, 1, 0, 0, 0, 1, 1, 0, 0, 1, 0, 1, 0, 1, 0, 0], 'indirect': [0.390625, 0.015541642952001517, 0.125, 0.0625, 0.0625]}
state here [0, 1, 0, 0, 0, 1, 1, 0, 1, 1, 0, 0, 0, 1, 0, 0, 0, 1, 0, 0, 0, 1, 1, 0, 0, 1, 0, 0, 0, 1, 1, 0, 0, 1, 0, 1, 0, 1, 0, 0, 5368709120, 15, 15, 42, 4919]
random
32
index tune cc payload {'direct': [0, 1, 0, 0, 0, 1, 1, 0, 1, 1, 0, 0, 0, 1, 0, 0, 0, 1, 0, 0, 0, 1, 1, 0, 0, 1, 0, 0, 0, 1, 1, 0, 1, 1, 0, 1, 0, 1, 0, 0], 'indirect': [0.390625, 0.015541642952001517, 0.125, 0.0625, 0.0625]}
state here [0, 1, 0, 0, 0, 1, 1, 0, 1, 1, 0, 0, 0, 1, 0, 0, 0, 1, 0, 0, 0, 1, 1, 0, 0, 1, 0, 0, 0, 1, 1, 0, 1, 1, 0, 1, 0, 1, 0, 0, 5368709120, 15, 15, 42, 4919]
random
13
index tune cc payload {'direct': [0, 1, 0, 0, 0, 1, 1, 0, 1, 1, 0, 0, 0, 1, 0, 0, 0, 1, 0, 0, 0, 1, 1, 0, 0, 1, 0, 0, 0, 1, 1, 0, 1, 1, 0, 1, 0, 1, 0, 0], 'indirect': [0.390625, 0.015541642952001517, 0.125, 0.0625, 0.0625]}
state here [0, 1, 0, 0, 0, 1, 1, 0, 1, 1, 0, 0, 0, 1, 0, 0, 0, 1, 0, 0, 0, 1, 1, 0, 0, 1, 0, 0, 0, 1, 1, 0, 1, 1, 0, 1, 0, 1, 0, 0, 5368709120, 15, 15, 42, 4919]
random
29
index tune cc payload {'direct': [0, 1, 0, 0, 0, 1, 1, 0, 1, 1, 0, 0, 0, 1, 0, 0, 0, 1, 0, 0, 0, 1, 1, 0, 0, 1, 0, 0, 0, 1, 1, 0, 1, 1, 0, 1, 0, 1, 0, 0], 'indirect': [0.390625, 0.015541642952001517, 0.125, 0.0625, 0.0625]}
state here [0, 1, 0, 0, 0, 1, 1, 0, 1, 1, 0, 0, 0, 1, 0, 0, 0, 1, 0, 0, 0, 1, 1, 0, 0, 1, 0, 0, 0, 1, 1, 0, 1, 1, 0, 1, 0, 1, 0, 0, 5368709120, 15, 15, 42, 4919]
random
23
index tune cc payload {'direct': [0, 1, 0, 0, 0, 1, 1, 0, 1, 1, 0, 0, 0, 1, 0, 0, 0, 1, 0, 0, 0, 1, 1, 1, 0, 1, 0, 0, 0, 1, 1, 0, 1, 1, 0, 1, 0, 1, 0, 0], 'indirect': [0.390625, 0.015541642952001517, 0.125, 0.0625, 0.0625]}
state here [0, 1, 0, 0, 0, 1, 1, 0, 1, 1, 0, 0, 0, 1, 0, 0, 0, 1, 0, 0, 0, 1, 1, 1, 0, 1, 0, 0, 0, 1, 1, 0, 1, 1, 0, 1, 0, 1, 0, 0, 5368709120, 15, 15, 42, 4919]
random
14
index tune cc payload {'direct': [0, 1, 0, 0, 0, 1, 1, 0, 1, 1, 0, 0, 0, 1, 1, 0, 0, 1, 0, 0, 0, 1, 1, 1, 0, 1, 0, 0, 0, 1, 1, 0, 1, 1, 0, 1, 0, 1, 0, 0], 'indirect': [0.390625, 0.015541642952001517, 0.125, 0.0625, 0.0625]}
state here [0, 1, 0, 0, 0, 1, 1, 0, 1, 1, 0, 0, 0, 1, 1, 0, 0, 1, 0, 0, 0, 1, 1, 1, 0, 1, 0, 0, 0, 1, 1, 0, 1, 1, 0, 1, 0, 1, 0, 0, 5368709120, 15, 15, 42, 4919]
random
12
index tune cc payload {'direct': [0, 1, 0, 0, 0, 1, 1, 0, 1, 1, 0, 0, 1, 1, 1, 0, 0, 1, 0, 0, 0, 1, 1, 1, 0, 1, 0, 0, 0, 1, 1, 0, 1, 1, 0, 1, 0, 1, 0, 0], 'indirect': [0.390625, 0.015541642952001517, 0.125, 0.0625, 0.0625]}
state here [0, 1, 0, 0, 0, 1, 1, 0, 1, 1, 0, 0, 1, 1, 1, 0, 0, 1, 0, 0, 0, 1, 1, 1, 0, 1, 0, 0, 0, 1, 1, 0, 1, 1, 0, 1, 0, 1, 0, 0, 5368709120, 15, 15, 42, 4919]
random
36
index tune cc payload {'direct': [0, 1, 0, 0, 0, 1, 1, 0, 1, 1, 0, 0, 1, 1, 1, 0, 0, 1, 0, 0, 0, 1, 1, 1, 0, 1, 0, 0, 0, 1, 1, 0, 1, 1, 0, 1, 1, 1, 0, 0], 'indirect': [0.390625, 0.015541642952001517, 0.125, 0.0625, 0.0625]}
state here [0, 1, 0, 0, 0, 1, 1, 0, 1, 1, 0, 0, 1, 1, 1, 0, 0, 1, 0, 0, 0, 1, 1, 1, 0, 1, 0, 0, 0, 1, 1, 0, 1, 1, 0, 1, 1, 1, 0, 0, 5368709120, 15, 15, 42, 4919]
random
25
index tune cc payload {'direct': [0, 1, 0, 0, 0, 1, 1, 0, 1, 1, 0, 0, 1, 1, 1, 0, 0, 1, 0, 0, 0, 1, 1, 1, 0, 1, 0, 0, 0, 1, 1, 0, 1, 1, 0, 1, 1, 1, 0, 0], 'indirect': [0.390625, 0.015541642952001517, 0.125, 0.0625, 0.0625]}
state here [0, 1, 0, 0, 0, 1, 1, 0, 1, 1, 0, 0, 1, 1, 1, 0, 0, 1, 0, 0, 0, 1, 1, 1, 0, 1, 0, 0, 0, 1, 1, 0, 1, 1, 0, 1, 1, 1, 0, 0, 5368709120, 15, 15, 42, 4919]
q_val
17
index tune cc payload {'direct': [0, 1, 0, 0, 0, 1, 1, 0, 1, 1, 0, 0, 1, 1, 1, 0, 0, 1, 0, 0, 0, 1, 1, 1, 0, 1, 0, 0, 0, 1, 1, 0, 1, 1, 0, 1, 1, 1, 0, 0], 'indirect': [0.390625, 0.015541642952001517, 0.125, 0.0625, 0.0625]}
state here [0, 1, 0, 0, 0, 1, 1, 0, 1, 1, 0, 0, 1, 1, 1, 0, 0, 1, 0, 0, 0, 1, 1, 1, 0, 1, 0, 0, 0, 1, 1, 0, 1, 1, 0, 1, 1, 1, 0, 0, 5368709120, 15, 15, 42, 4919]
random
22
index tune cc payload {'direct': [0, 1, 0, 0, 0, 1, 1, 0, 1, 1, 0, 0, 1, 1, 1, 0, 0, 1, 0, 0, 0, 1, 0, 1, 0, 1, 0, 0, 0, 1, 1, 0, 1, 1, 0, 1, 1, 1, 0, 0], 'indirect': [0.390625, 0.015541642952001517, 0.125, 0.0625, 0.0625]}
state here [0, 1, 0, 0, 0, 1, 1, 0, 1, 1, 0, 0, 1, 1, 1, 0, 0, 1, 0, 0, 0, 1, 0, 1, 0, 1, 0, 0, 0, 1, 1, 0, 1, 1, 0, 1, 1, 1, 0, 0, 5368709120, 15, 15, 42, 4919]
random
39
index tune cc payload {'direct': [0, 1, 0, 0, 0, 1, 1, 0, 1, 1, 0, 0, 1, 1, 1, 0, 0, 1, 0, 0, 0, 1, 0, 1, 0, 1, 0, 0, 0, 1, 1, 0, 1, 1, 0, 1, 1, 1, 0, 1], 'indirect': [0.390625, 0.015541642952001517, 0.125, 0.0625, 0.0625]}
state here [0, 1, 0, 0, 0, 1, 1, 0, 1, 1, 0, 0, 1, 1, 1, 0, 0, 1, 0, 0, 0, 1, 0, 1, 0, 1, 0, 0, 0, 1, 1, 0, 1, 1, 0, 1, 1, 1, 0, 1, 5368709120, 15, 15, 42, 4919]
random
36
index tune cc payload {'direct': [0, 1, 0, 0, 0, 1, 1, 0, 1, 1, 0, 0, 1, 1, 1, 0, 0, 1, 0, 0, 0, 1, 0, 1, 0, 1, 0, 0, 0, 1, 1, 0, 1, 1, 0, 1, 0, 1, 0, 1], 'indirect': [0.390625, 0.015541642952001517, 0.125, 0.0625, 0.0625]}
state here [0, 1, 0, 0, 0, 1, 1, 0, 1, 1, 0, 0, 1, 1, 1, 0, 0, 1, 0, 0, 0, 1, 0, 1, 0, 1, 0, 0, 0, 1, 1, 0, 1, 1, 0, 1, 0, 1, 0, 1, 5368709120, 15, 15, 42, 4919]
random
22
index tune cc payload {'direct': [0, 1, 0, 0, 0, 1, 1, 0, 1, 1, 0, 0, 1, 1, 1, 0, 0, 1, 0, 0, 0, 1, 1, 1, 0, 1, 0, 0, 0, 1, 1, 0, 1, 1, 0, 1, 0, 1, 0, 1], 'indirect': [0.390625, 0.015541642952001517, 0.125, 0.0625, 0.0625]}
state here [0, 1, 0, 0, 0, 1, 1, 0, 1, 1, 0, 0, 1, 1, 1, 0, 0, 1, 0, 0, 0, 1, 1, 1, 0, 1, 0, 0, 0, 1, 1, 0, 1, 1, 0, 1, 0, 1, 0, 1, 5368709120, 15, 15, 42, 4919]
random
15
index tune cc payload {'direct': [0, 1, 0, 0, 0, 1, 1, 0, 1, 1, 0, 0, 1, 1, 1, 1, 0, 1, 0, 0, 0, 1, 1, 1, 0, 1, 0, 0, 0, 1, 1, 0, 1, 1, 0, 1, 0, 1, 0, 1], 'indirect': [0.390625, 0.015541642952001517, 0.125, 0.0625, 0.0625]}
state here [0, 1, 0, 0, 0, 1, 1, 0, 1, 1, 0, 0, 1, 1, 1, 1, 0, 1, 0, 0, 0, 1, 1, 1, 0, 1, 0, 0, 0, 1, 1, 0, 1, 1, 0, 1, 0, 1, 0, 1, 5368709120, 15, 15, 42, 4919]
random
39
index tune cc payload {'direct': [0, 1, 0, 0, 0, 1, 1, 0, 1, 1, 0, 0, 1, 1, 1, 1, 0, 1, 0, 0, 0, 1, 1, 1, 0, 1, 0, 0, 0, 1, 1, 0, 1, 1, 0, 1, 0, 1, 0, 0], 'indirect': [0.390625, 0.015541642952001517, 0.125, 0.0625, 0.0625]}
state here [0, 1, 0, 0, 0, 1, 1, 0, 1, 1, 0, 0, 1, 1, 1, 1, 0, 1, 0, 0, 0, 1, 1, 1, 0, 1, 0, 0, 0, 1, 1, 0, 1, 1, 0, 1, 0, 1, 0, 0, 5368709120, 15, 15, 42, 4919]
random
8
index tune cc payload {'direct': [0, 1, 0, 0, 0, 1, 1, 0, 0, 1, 0, 0, 1, 1, 1, 1, 0, 1, 0, 0, 0, 1, 1, 1, 0, 1, 0, 0, 0, 1, 1, 0, 1, 1, 0, 1, 0, 1, 0, 0], 'indirect': [0.390625, 0.015541642952001517, 0.125, 0.0625, 0.0625]}
state here [0, 1, 0, 0, 0, 1, 1, 0, 0, 1, 0, 0, 1, 1, 1, 1, 0, 1, 0, 0, 0, 1, 1, 1, 0, 1, 0, 0, 0, 1, 1, 0, 1, 1, 0, 1, 0, 1, 0, 0, 5368709120, 15, 15, 42, 4919]
random
2
index tune cc payload {'direct': [0, 1, 1, 0, 0, 1, 1, 0, 0, 1, 0, 0, 1, 1, 1, 1, 0, 1, 0, 0, 0, 1, 1, 1, 0, 1, 0, 0, 0, 1, 1, 0, 1, 1, 0, 1, 0, 1, 0, 0], 'indirect': [0.390625, 0.015541642952001517, 0.125, 0.0625, 0.0625]}
state here [0, 1, 1, 0, 0, 1, 1, 0, 0, 1, 0, 0, 1, 1, 1, 1, 0, 1, 0, 0, 0, 1, 1, 1, 0, 1, 0, 0, 0, 1, 1, 0, 1, 1, 0, 1, 0, 1, 0, 0, 5368709120, 15, 15, 42, 4919]
random
35
index tune cc payload {'direct': [0, 1, 1, 0, 0, 1, 1, 0, 0, 1, 0, 0, 1, 1, 1, 1, 0, 1, 0, 0, 0, 1, 1, 1, 0, 1, 0, 0, 0, 1, 1, 0, 1, 1, 0, 0, 0, 1, 0, 0], 'indirect': [0.390625, 0.015541642952001517, 0.125, 0.0625, 0.0625]}
state here [0, 1, 1, 0, 0, 1, 1, 0, 0, 1, 0, 0, 1, 1, 1, 1, 0, 1, 0, 0, 0, 1, 1, 1, 0, 1, 0, 0, 0, 1, 1, 0, 1, 1, 0, 0, 0, 1, 0, 0, 5368709120, 15, 15, 42, 4919]
random
13
index tune cc payload {'direct': [0, 1, 1, 0, 0, 1, 1, 0, 0, 1, 0, 0, 1, 1, 1, 1, 0, 1, 0, 0, 0, 1, 1, 1, 0, 1, 0, 0, 0, 1, 1, 0, 1, 1, 0, 0, 0, 1, 0, 0], 'indirect': [0.390625, 0.015541642952001517, 0.125, 0.0625, 0.0625]}
state here [0, 1, 1, 0, 0, 1, 1, 0, 0, 1, 0, 0, 1, 1, 1, 1, 0, 1, 0, 0, 0, 1, 1, 1, 0, 1, 0, 0, 0, 1, 1, 0, 1, 1, 0, 0, 0, 1, 0, 0, 5368709120, 15, 15, 42, 4919]
random
24
index tune cc payload {'direct': [0, 1, 1, 0, 0, 1, 1, 0, 0, 1, 0, 0, 1, 1, 1, 1, 0, 1, 0, 0, 0, 1, 1, 1, 1, 1, 0, 0, 0, 1, 1, 0, 1, 1, 0, 0, 0, 1, 0, 0], 'indirect': [0.390625, 0.015541642952001517, 0.125, 0.0625, 0.0625]}
state here [0, 1, 1, 0, 0, 1, 1, 0, 0, 1, 0, 0, 1, 1, 1, 1, 0, 1, 0, 0, 0, 1, 1, 1, 1, 1, 0, 0, 0, 1, 1, 0, 1, 1, 0, 0, 0, 1, 0, 0, 5368709120, 15, 15, 42, 4919]
random
17
index tune cc payload {'direct': [0, 1, 1, 0, 0, 1, 1, 0, 0, 1, 0, 0, 1, 1, 1, 1, 0, 1, 0, 0, 0, 1, 1, 1, 1, 1, 0, 0, 0, 1, 1, 0, 1, 1, 0, 0, 0, 1, 0, 0], 'indirect': [0.390625, 0.015541642952001517, 0.125, 0.0625, 0.0625]}
state here [0, 1, 1, 0, 0, 1, 1, 0, 0, 1, 0, 0, 1, 1, 1, 1, 0, 1, 0, 0, 0, 1, 1, 1, 1, 1, 0, 0, 0, 1, 1, 0, 1, 1, 0, 0, 0, 1, 0, 0, 5368709120, 15, 15, 42, 4919]
random
16
index tune cc payload {'direct': [0, 1, 1, 0, 0, 1, 1, 0, 0, 1, 0, 0, 1, 1, 1, 1, 1, 1, 0, 0, 0, 1, 1, 1, 1, 1, 0, 0, 0, 1, 1, 0, 1, 1, 0, 0, 0, 1, 0, 0], 'indirect': [0.390625, 0.015541642952001517, 0.125, 0.0625, 0.0625]}
state here [0, 1, 1, 0, 0, 1, 1, 0, 0, 1, 0, 0, 1, 1, 1, 1, 1, 1, 0, 0, 0, 1, 1, 1, 1, 1, 0, 0, 0, 1, 1, 0, 1, 1, 0, 0, 0, 1, 0, 0, 5368709120, 15, 15, 42, 4919]
random
15
index tune cc payload {'direct': [0, 1, 1, 0, 0, 1, 1, 0, 0, 1, 0, 0, 1, 1, 1, 0, 1, 1, 0, 0, 0, 1, 1, 1, 1, 1, 0, 0, 0, 1, 1, 0, 1, 1, 0, 0, 0, 1, 0, 0], 'indirect': [0.390625, 0.015541642952001517, 0.125, 0.0625, 0.0625]}
state here [0, 1, 1, 0, 0, 1, 1, 0, 0, 1, 0, 0, 1, 1, 1, 0, 1, 1, 0, 0, 0, 1, 1, 1, 1, 1, 0, 0, 0, 1, 1, 0, 1, 1, 0, 0, 0, 1, 0, 0, 5368709120, 15, 15, 42, 4919]
random
2
index tune cc payload {'direct': [0, 1, 0, 0, 0, 1, 1, 0, 0, 1, 0, 0, 1, 1, 1, 0, 1, 1, 0, 0, 0, 1, 1, 1, 1, 1, 0, 0, 0, 1, 1, 0, 1, 1, 0, 0, 0, 1, 0, 0], 'indirect': [0.390625, 0.015541642952001517, 0.125, 0.0625, 0.0625]}
state here [0, 1, 0, 0, 0, 1, 1, 0, 0, 1, 0, 0, 1, 1, 1, 0, 1, 1, 0, 0, 0, 1, 1, 1, 1, 1, 0, 0, 0, 1, 1, 0, 1, 1, 0, 0, 0, 1, 0, 0, 5368709120, 15, 15, 42, 4919]
q_val
17
index tune cc payload {'direct': [0, 1, 0, 0, 0, 1, 1, 0, 0, 1, 0, 0, 1, 1, 1, 0, 1, 1, 0, 0, 0, 1, 1, 1, 1, 1, 0, 0, 0, 1, 1, 0, 1, 1, 0, 0, 0, 1, 0, 0], 'indirect': [0.390625, 0.015541642952001517, 0.125, 0.0625, 0.0625]}
state here [0, 1, 0, 0, 0, 1, 1, 0, 0, 1, 0, 0, 1, 1, 1, 0, 1, 1, 0, 0, 0, 1, 1, 1, 1, 1, 0, 0, 0, 1, 1, 0, 1, 1, 0, 0, 0, 1, 0, 0, 5368709120, 15, 15, 42, 4919]
random
23
index tune cc payload {'direct': [0, 1, 0, 0, 0, 1, 1, 0, 0, 1, 0, 0, 1, 1, 1, 0, 1, 1, 0, 0, 0, 1, 1, 0, 1, 1, 0, 0, 0, 1, 1, 0, 1, 1, 0, 0, 0, 1, 0, 0], 'indirect': [0.390625, 0.015541642952001517, 0.125, 0.0625, 0.0625]}
state here [0, 1, 0, 0, 0, 1, 1, 0, 0, 1, 0, 0, 1, 1, 1, 0, 1, 1, 0, 0, 0, 1, 1, 0, 1, 1, 0, 0, 0, 1, 1, 0, 1, 1, 0, 0, 0, 1, 0, 0, 5368709120, 15, 15, 42, 4919]
random
22
index tune cc payload {'direct': [0, 1, 0, 0, 0, 1, 1, 0, 0, 1, 0, 0, 1, 1, 1, 0, 1, 1, 0, 0, 0, 1, 0, 0, 1, 1, 0, 0, 0, 1, 1, 0, 1, 1, 0, 0, 0, 1, 0, 0], 'indirect': [0.390625, 0.015541642952001517, 0.125, 0.0625, 0.0625]}
state here [0, 1, 0, 0, 0, 1, 1, 0, 0, 1, 0, 0, 1, 1, 1, 0, 1, 1, 0, 0, 0, 1, 0, 0, 1, 1, 0, 0, 0, 1, 1, 0, 1, 1, 0, 0, 0, 1, 0, 0, 5368709120, 15, 15, 42, 4919]
q_val
17
index tune cc payload {'direct': [0, 1, 0, 0, 0, 1, 1, 0, 0, 1, 0, 0, 1, 1, 1, 0, 1, 1, 0, 0, 0, 1, 0, 0, 1, 1, 0, 0, 0, 1, 1, 0, 1, 1, 0, 0, 0, 1, 0, 0], 'indirect': [0.390625, 0.015541642952001517, 0.125, 0.0625, 0.0625]}
state here [0, 1, 0, 0, 0, 1, 1, 0, 0, 1, 0, 0, 1, 1, 1, 0, 1, 1, 0, 0, 0, 1, 0, 0, 1, 1, 0, 0, 0, 1, 1, 0, 1, 1, 0, 0, 0, 1, 0, 0, 5368709120, 15, 15, 42, 4919]
random
17
index tune cc payload {'direct': [0, 1, 0, 0, 0, 1, 1, 0, 0, 1, 0, 0, 1, 1, 1, 0, 1, 1, 0, 0, 0, 1, 0, 0, 1, 1, 0, 0, 0, 1, 1, 0, 1, 1, 0, 0, 0, 1, 0, 0], 'indirect': [0.390625, 0.015541642952001517, 0.125, 0.0625, 0.0625]}
state here [0, 1, 0, 0, 0, 1, 1, 0, 0, 1, 0, 0, 1, 1, 1, 0, 1, 1, 0, 0, 0, 1, 0, 0, 1, 1, 0, 0, 0, 1, 1, 0, 1, 1, 0, 0, 0, 1, 0, 0, 5368709120, 15, 15, 42, 4919]
random
16
index tune cc payload {'direct': [0, 1, 0, 0, 0, 1, 1, 0, 0, 1, 0, 0, 1, 1, 1, 0, 0, 1, 0, 0, 0, 1, 0, 0, 1, 1, 0, 0, 0, 1, 1, 0, 1, 1, 0, 0, 0, 1, 0, 0], 'indirect': [0.390625, 0.015541642952001517, 0.125, 0.0625, 0.0625]}
state here [0, 1, 0, 0, 0, 1, 1, 0, 0, 1, 0, 0, 1, 1, 1, 0, 0, 1, 0, 0, 0, 1, 0, 0, 1, 1, 0, 0, 0, 1, 1, 0, 1, 1, 0, 0, 0, 1, 0, 0, 5368709120, 15, 15, 42, 4919]
random
0
index tune cc payload {'direct': [1, 1, 0, 0, 0, 1, 1, 0, 0, 1, 0, 0, 1, 1, 1, 0, 0, 1, 0, 0, 0, 1, 0, 0, 1, 1, 0, 0, 0, 1, 1, 0, 1, 1, 0, 0, 0, 1, 0, 0], 'indirect': [0.390625, 0.015541642952001517, 0.125, 0.0625, 0.0625]}
state here [1, 1, 0, 0, 0, 1, 1, 0, 0, 1, 0, 0, 1, 1, 1, 0, 0, 1, 0, 0, 0, 1, 0, 0, 1, 1, 0, 0, 0, 1, 1, 0, 1, 1, 0, 0, 0, 1, 0, 0, 5368709120, 15, 15, 42, 4919]
random
8
index tune cc payload {'direct': [1, 1, 0, 0, 0, 1, 1, 0, 1, 1, 0, 0, 1, 1, 1, 0, 0, 1, 0, 0, 0, 1, 0, 0, 1, 1, 0, 0, 0, 1, 1, 0, 1, 1, 0, 0, 0, 1, 0, 0], 'indirect': [0.390625, 0.015541642952001517, 0.125, 0.0625, 0.0625]}
state here [1, 1, 0, 0, 0, 1, 1, 0, 1, 1, 0, 0, 1, 1, 1, 0, 0, 1, 0, 0, 0, 1, 0, 0, 1, 1, 0, 0, 0, 1, 1, 0, 1, 1, 0, 0, 0, 1, 0, 0, 5368709120, 15, 15, 42, 4919]
random
5
index tune cc payload {'direct': [1, 1, 0, 0, 0, 1, 1, 0, 1, 1, 0, 0, 1, 1, 1, 0, 0, 1, 0, 0, 0, 1, 0, 0, 1, 1, 0, 0, 0, 1, 1, 0, 1, 1, 0, 0, 0, 1, 0, 0], 'indirect': [0.390625, 0.015541642952001517, 0.125, 0.0625, 0.0625]}
state here [1, 1, 0, 0, 0, 1, 1, 0, 1, 1, 0, 0, 1, 1, 1, 0, 0, 1, 0, 0, 0, 1, 0, 0, 1, 1, 0, 0, 0, 1, 1, 0, 1, 1, 0, 0, 0, 1, 0, 0, 5368709120, 15, 15, 42, 4919]
random
14
index tune cc payload {'direct': [1, 1, 0, 0, 0, 1, 1, 0, 1, 1, 0, 0, 1, 1, 0, 0, 0, 1, 0, 0, 0, 1, 0, 0, 1, 1, 0, 0, 0, 1, 1, 0, 1, 1, 0, 0, 0, 1, 0, 0], 'indirect': [0.390625, 0.015541642952001517, 0.125, 0.0625, 0.0625]}
state here [1, 1, 0, 0, 0, 1, 1, 0, 1, 1, 0, 0, 1, 1, 0, 0, 0, 1, 0, 0, 0, 1, 0, 0, 1, 1, 0, 0, 0, 1, 1, 0, 1, 1, 0, 0, 0, 1, 0, 0, 5368709120, 15, 15, 42, 4919]
random
16
index tune cc payload {'direct': [1, 1, 0, 0, 0, 1, 1, 0, 1, 1, 0, 0, 1, 1, 0, 0, 1, 1, 0, 0, 0, 1, 0, 0, 1, 1, 0, 0, 0, 1, 1, 0, 1, 1, 0, 0, 0, 1, 0, 0], 'indirect': [0.390625, 0.015541642952001517, 0.125, 0.0625, 0.0625]}
state here [1, 1, 0, 0, 0, 1, 1, 0, 1, 1, 0, 0, 1, 1, 0, 0, 1, 1, 0, 0, 0, 1, 0, 0, 1, 1, 0, 0, 0, 1, 1, 0, 1, 1, 0, 0, 0, 1, 0, 0, 5368709120, 15, 15, 42, 4919]
random
24
index tune cc payload {'direct': [1, 1, 0, 0, 0, 1, 1, 0, 1, 1, 0, 0, 1, 1, 0, 0, 1, 1, 0, 0, 0, 1, 0, 0, 0, 1, 0, 0, 0, 1, 1, 0, 1, 1, 0, 0, 0, 1, 0, 0], 'indirect': [0.390625, 0.015541642952001517, 0.125, 0.0625, 0.0625]}
state here [1, 1, 0, 0, 0, 1, 1, 0, 1, 1, 0, 0, 1, 1, 0, 0, 1, 1, 0, 0, 0, 1, 0, 0, 0, 1, 0, 0, 0, 1, 1, 0, 1, 1, 0, 0, 0, 1, 0, 0, 5368709120, 15, 15, 42, 4919]
random
0
index tune cc payload {'direct': [0, 1, 0, 0, 0, 1, 1, 0, 1, 1, 0, 0, 1, 1, 0, 0, 1, 1, 0, 0, 0, 1, 0, 0, 0, 1, 0, 0, 0, 1, 1, 0, 1, 1, 0, 0, 0, 1, 0, 0], 'indirect': [0.390625, 0.015541642952001517, 0.125, 0.0625, 0.0625]}
state here [0, 1, 0, 0, 0, 1, 1, 0, 1, 1, 0, 0, 1, 1, 0, 0, 1, 1, 0, 0, 0, 1, 0, 0, 0, 1, 0, 0, 0, 1, 1, 0, 1, 1, 0, 0, 0, 1, 0, 0, 5368709120, 15, 15, 42, 4919]
random
33
index tune cc payload {'direct': [0, 1, 0, 0, 0, 1, 1, 0, 1, 1, 0, 0, 1, 1, 0, 0, 1, 1, 0, 0, 0, 1, 0, 0, 0, 1, 0, 0, 0, 1, 1, 0, 1, 1, 0, 0, 0, 1, 0, 0], 'indirect': [0.390625, 0.015541642952001517, 0.125, 0.0625, 0.0625]}
state here [0, 1, 0, 0, 0, 1, 1, 0, 1, 1, 0, 0, 1, 1, 0, 0, 1, 1, 0, 0, 0, 1, 0, 0, 0, 1, 0, 0, 0, 1, 1, 0, 1, 1, 0, 0, 0, 1, 0, 0, 5368709120, 15, 15, 42, 4919]
random
22
index tune cc payload {'direct': [0, 1, 0, 0, 0, 1, 1, 0, 1, 1, 0, 0, 1, 1, 0, 0, 1, 1, 0, 0, 0, 1, 1, 0, 0, 1, 0, 0, 0, 1, 1, 0, 1, 1, 0, 0, 0, 1, 0, 0], 'indirect': [0.390625, 0.015541642952001517, 0.125, 0.0625, 0.0625]}
state here [0, 1, 0, 0, 0, 1, 1, 0, 1, 1, 0, 0, 1, 1, 0, 0, 1, 1, 0, 0, 0, 1, 1, 0, 0, 1, 0, 0, 0, 1, 1, 0, 1, 1, 0, 0, 0, 1, 0, 0, 5368709120, 15, 15, 42, 4919]
random
do nothing
index tune cc payload {'direct': [0, 1, 0, 0, 0, 1, 1, 0, 1, 1, 0, 0, 1, 1, 0, 0, 1, 1, 0, 0, 0, 1, 1, 0, 0, 1, 0, 0, 0, 1, 1, 0, 1, 1, 0, 0, 0, 1, 0, 0], 'indirect': [0.390625, 0.015541642952001517, 0.125, 0.0625, 0.0625]}
state here [0, 1, 0, 0, 0, 1, 1, 0, 1, 1, 0, 0, 1, 1, 0, 0, 1, 1, 0, 0, 0, 1, 1, 0, 0, 1, 0, 0, 0, 1, 1, 0, 1, 1, 0, 0, 0, 1, 0, 0, 5368709120, 15, 15, 42, 4919]
random
23
index tune cc payload {'direct': [0, 1, 0, 0, 0, 1, 1, 0, 1, 1, 0, 0, 1, 1, 0, 0, 1, 1, 0, 0, 0, 1, 1, 1, 0, 1, 0, 0, 0, 1, 1, 0, 1, 1, 0, 0, 0, 1, 0, 0], 'indirect': [0.390625, 0.015541642952001517, 0.125, 0.0625, 0.0625]}
state here [0, 1, 0, 0, 0, 1, 1, 0, 1, 1, 0, 0, 1, 1, 0, 0, 1, 1, 0, 0, 0, 1, 1, 1, 0, 1, 0, 0, 0, 1, 1, 0, 1, 1, 0, 0, 0, 1, 0, 0, 5368709120, 15, 15, 42, 4919]
random
2
index tune cc payload {'direct': [0, 1, 1, 0, 0, 1, 1, 0, 1, 1, 0, 0, 1, 1, 0, 0, 1, 1, 0, 0, 0, 1, 1, 1, 0, 1, 0, 0, 0, 1, 1, 0, 1, 1, 0, 0, 0, 1, 0, 0], 'indirect': [0.390625, 0.015541642952001517, 0.125, 0.0625, 0.0625]}
state here [0, 1, 1, 0, 0, 1, 1, 0, 1, 1, 0, 0, 1, 1, 0, 0, 1, 1, 0, 0, 0, 1, 1, 1, 0, 1, 0, 0, 0, 1, 1, 0, 1, 1, 0, 0, 0, 1, 0, 0, 5368709120, 15, 15, 42, 4919]
random
30
index tune cc payload {'direct': [0, 1, 1, 0, 0, 1, 1, 0, 1, 1, 0, 0, 1, 1, 0, 0, 1, 1, 0, 0, 0, 1, 1, 1, 0, 1, 0, 0, 0, 1, 0, 0, 1, 1, 0, 0, 0, 1, 0, 0], 'indirect': [0.390625, 0.015541642952001517, 0.125, 0.0625, 0.0625]}
state here [0, 1, 1, 0, 0, 1, 1, 0, 1, 1, 0, 0, 1, 1, 0, 0, 1, 1, 0, 0, 0, 1, 1, 1, 0, 1, 0, 0, 0, 1, 0, 0, 1, 1, 0, 0, 0, 1, 0, 0, 5368709120, 15, 15, 42, 4919]
random
24
index tune cc payload {'direct': [0, 1, 1, 0, 0, 1, 1, 0, 1, 1, 0, 0, 1, 1, 0, 0, 1, 1, 0, 0, 0, 1, 1, 1, 1, 1, 0, 0, 0, 1, 0, 0, 1, 1, 0, 0, 0, 1, 0, 0], 'indirect': [0.390625, 0.015541642952001517, 0.125, 0.0625, 0.0625]}
state here [0, 1, 1, 0, 0, 1, 1, 0, 1, 1, 0, 0, 1, 1, 0, 0, 1, 1, 0, 0, 0, 1, 1, 1, 1, 1, 0, 0, 0, 1, 0, 0, 1, 1, 0, 0, 0, 1, 0, 0, 5368709120, 15, 15, 42, 4919]
random
6
index tune cc payload {'direct': [0, 1, 1, 0, 0, 1, 0, 0, 1, 1, 0, 0, 1, 1, 0, 0, 1, 1, 0, 0, 0, 1, 1, 1, 1, 1, 0, 0, 0, 1, 0, 0, 1, 1, 0, 0, 0, 1, 0, 0], 'indirect': [0.390625, 0.015541642952001517, 0.125, 0.0625, 0.0625]}
state here [0, 1, 1, 0, 0, 1, 0, 0, 1, 1, 0, 0, 1, 1, 0, 0, 1, 1, 0, 0, 0, 1, 1, 1, 1, 1, 0, 0, 0, 1, 0, 0, 1, 1, 0, 0, 0, 1, 0, 0, 5368709120, 15, 15, 42, 4919]
random
27
index tune cc payload {'direct': [0, 1, 1, 0, 0, 1, 0, 0, 1, 1, 0, 0, 1, 1, 0, 0, 1, 1, 0, 0, 0, 1, 1, 1, 1, 1, 0, 1, 0, 1, 0, 0, 1, 1, 0, 0, 0, 1, 0, 0], 'indirect': [0.390625, 0.015541642952001517, 0.125, 0.0625, 0.0625]}
state here [0, 1, 1, 0, 0, 1, 0, 0, 1, 1, 0, 0, 1, 1, 0, 0, 1, 1, 0, 0, 0, 1, 1, 1, 1, 1, 0, 1, 0, 1, 0, 0, 1, 1, 0, 0, 0, 1, 0, 0, 5368709120, 15, 15, 42, 4919]
random
7
index tune cc payload {'direct': [0, 1, 1, 0, 0, 1, 0, 1, 1, 1, 0, 0, 1, 1, 0, 0, 1, 1, 0, 0, 0, 1, 1, 1, 1, 1, 0, 1, 0, 1, 0, 0, 1, 1, 0, 0, 0, 1, 0, 0], 'indirect': [0.390625, 0.015541642952001517, 0.125, 0.0625, 0.0625]}
state here [0, 1, 1, 0, 0, 1, 0, 1, 1, 1, 0, 0, 1, 1, 0, 0, 1, 1, 0, 0, 0, 1, 1, 1, 1, 1, 0, 1, 0, 1, 0, 0, 1, 1, 0, 0, 0, 1, 0, 0, 5368709120, 15, 15, 42, 4919]
random
35
index tune cc payload {'direct': [0, 1, 1, 0, 0, 1, 0, 1, 1, 1, 0, 0, 1, 1, 0, 0, 1, 1, 0, 0, 0, 1, 1, 1, 1, 1, 0, 1, 0, 1, 0, 0, 1, 1, 0, 1, 0, 1, 0, 0], 'indirect': [0.390625, 0.015541642952001517, 0.125, 0.0625, 0.0625]}
state here [0, 1, 1, 0, 0, 1, 0, 1, 1, 1, 0, 0, 1, 1, 0, 0, 1, 1, 0, 0, 0, 1, 1, 1, 1, 1, 0, 1, 0, 1, 0, 0, 1, 1, 0, 1, 0, 1, 0, 0, 5368709120, 15, 15, 42, 4919]
q_val
17
index tune cc payload {'direct': [0, 1, 1, 0, 0, 1, 0, 1, 1, 1, 0, 0, 1, 1, 0, 0, 1, 1, 0, 0, 0, 1, 1, 1, 1, 1, 0, 1, 0, 1, 0, 0, 1, 1, 0, 1, 0, 1, 0, 0], 'indirect': [0.390625, 0.015541642952001517, 0.125, 0.0625, 0.0625]}
state here [0, 1, 1, 0, 0, 1, 0, 1, 1, 1, 0, 0, 1, 1, 0, 0, 1, 1, 0, 0, 0, 1, 1, 1, 1, 1, 0, 1, 0, 1, 0, 0, 1, 1, 0, 1, 0, 1, 0, 0, 5368709120, 15, 15, 42, 4919]
random
28
index tune cc payload {'direct': [0, 1, 1, 0, 0, 1, 0, 1, 1, 1, 0, 0, 1, 1, 0, 0, 1, 1, 0, 0, 0, 1, 1, 1, 1, 1, 0, 1, 1, 1, 0, 0, 1, 1, 0, 1, 0, 1, 0, 0], 'indirect': [0.390625, 0.015541642952001517, 0.125, 0.0625, 0.0625]}
state here [0, 1, 1, 0, 0, 1, 0, 1, 1, 1, 0, 0, 1, 1, 0, 0, 1, 1, 0, 0, 0, 1, 1, 1, 1, 1, 0, 1, 1, 1, 0, 0, 1, 1, 0, 1, 0, 1, 0, 0, 5368709120, 15, 15, 42, 4919]
random
16
index tune cc payload {'direct': [0, 1, 1, 0, 0, 1, 0, 1, 1, 1, 0, 0, 1, 1, 0, 0, 0, 1, 0, 0, 0, 1, 1, 1, 1, 1, 0, 1, 1, 1, 0, 0, 1, 1, 0, 1, 0, 1, 0, 0], 'indirect': [0.390625, 0.015541642952001517, 0.125, 0.0625, 0.0625]}
state here [0, 1, 1, 0, 0, 1, 0, 1, 1, 1, 0, 0, 1, 1, 0, 0, 0, 1, 0, 0, 0, 1, 1, 1, 1, 1, 0, 1, 1, 1, 0, 0, 1, 1, 0, 1, 0, 1, 0, 0, 5368709120, 15, 15, 42, 4919]
random
23
index tune cc payload {'direct': [0, 1, 1, 0, 0, 1, 0, 1, 1, 1, 0, 0, 1, 1, 0, 0, 0, 1, 0, 0, 0, 1, 1, 0, 1, 1, 0, 1, 1, 1, 0, 0, 1, 1, 0, 1, 0, 1, 0, 0], 'indirect': [0.390625, 0.015541642952001517, 0.125, 0.0625, 0.0625]}
state here [0, 1, 1, 0, 0, 1, 0, 1, 1, 1, 0, 0, 1, 1, 0, 0, 0, 1, 0, 0, 0, 1, 1, 0, 1, 1, 0, 1, 1, 1, 0, 0, 1, 1, 0, 1, 0, 1, 0, 0, 5368709120, 15, 15, 42, 4919]
random
23
index tune cc payload {'direct': [0, 1, 1, 0, 0, 1, 0, 1, 1, 1, 0, 0, 1, 1, 0, 0, 0, 1, 0, 0, 0, 1, 1, 1, 1, 1, 0, 1, 1, 1, 0, 0, 1, 1, 0, 1, 0, 1, 0, 0], 'indirect': [0.390625, 0.015541642952001517, 0.125, 0.0625, 0.0625]}
state here [0, 1, 1, 0, 0, 1, 0, 1, 1, 1, 0, 0, 1, 1, 0, 0, 0, 1, 0, 0, 0, 1, 1, 1, 1, 1, 0, 1, 1, 1, 0, 0, 1, 1, 0, 1, 0, 1, 0, 0, 5368709120, 15, 15, 42, 4919]
random
3
index tune cc payload {'direct': [0, 1, 1, 1, 0, 1, 0, 1, 1, 1, 0, 0, 1, 1, 0, 0, 0, 1, 0, 0, 0, 1, 1, 1, 1, 1, 0, 1, 1, 1, 0, 0, 1, 1, 0, 1, 0, 1, 0, 0], 'indirect': [0.390625, 0.015541642952001517, 0.125, 0.0625, 0.0625]}
state here [0, 1, 1, 1, 0, 1, 0, 1, 1, 1, 0, 0, 1, 1, 0, 0, 0, 1, 0, 0, 0, 1, 1, 1, 1, 1, 0, 1, 1, 1, 0, 0, 1, 1, 0, 1, 0, 1, 0, 0, 5368709120, 15, 15, 42, 4919]
random
18
index tune cc payload {'direct': [0, 1, 1, 1, 0, 1, 0, 1, 1, 1, 0, 0, 1, 1, 0, 0, 0, 1, 1, 0, 0, 1, 1, 1, 1, 1, 0, 1, 1, 1, 0, 0, 1, 1, 0, 1, 0, 1, 0, 0], 'indirect': [0.390625, 0.015541642952001517, 0.125, 0.0625, 0.0625]}
state here [0, 1, 1, 1, 0, 1, 0, 1, 1, 1, 0, 0, 1, 1, 0, 0, 0, 1, 1, 0, 0, 1, 1, 1, 1, 1, 0, 1, 1, 1, 0, 0, 1, 1, 0, 1, 0, 1, 0, 0, 5368709120, 15, 15, 42, 4919]
q_val
17
index tune cc payload {'direct': [0, 1, 1, 1, 0, 1, 0, 1, 1, 1, 0, 0, 1, 1, 0, 0, 0, 1, 1, 0, 0, 1, 1, 1, 1, 1, 0, 1, 1, 1, 0, 0, 1, 1, 0, 1, 0, 1, 0, 0], 'indirect': [0.390625, 0.015541642952001517, 0.125, 0.0625, 0.0625]}
state here [0, 1, 1, 1, 0, 1, 0, 1, 1, 1, 0, 0, 1, 1, 0, 0, 0, 1, 1, 0, 0, 1, 1, 1, 1, 1, 0, 1, 1, 1, 0, 0, 1, 1, 0, 1, 0, 1, 0, 0, 5368709120, 15, 15, 42, 4919]
q_val
17
index tune cc payload {'direct': [0, 1, 1, 1, 0, 1, 0, 1, 1, 1, 0, 0, 1, 1, 0, 0, 0, 1, 1, 0, 0, 1, 1, 1, 1, 1, 0, 1, 1, 1, 0, 0, 1, 1, 0, 1, 0, 1, 0, 0], 'indirect': [0.390625, 0.015541642952001517, 0.125, 0.0625, 0.0625]}
state here [0, 1, 1, 1, 0, 1, 0, 1, 1, 1, 0, 0, 1, 1, 0, 0, 0, 1, 1, 0, 0, 1, 1, 1, 1, 1, 0, 1, 1, 1, 0, 0, 1, 1, 0, 1, 0, 1, 0, 0, 5368709120, 15, 15, 42, 4919]
random
25
index tune cc payload {'direct': [0, 1, 1, 1, 0, 1, 0, 1, 1, 1, 0, 0, 1, 1, 0, 0, 0, 1, 1, 0, 0, 1, 1, 1, 1, 1, 0, 1, 1, 1, 0, 0, 1, 1, 0, 1, 0, 1, 0, 0], 'indirect': [0.390625, 0.015541642952001517, 0.125, 0.0625, 0.0625]}
state here [0, 1, 1, 1, 0, 1, 0, 1, 1, 1, 0, 0, 1, 1, 0, 0, 0, 1, 1, 0, 0, 1, 1, 1, 1, 1, 0, 1, 1, 1, 0, 0, 1, 1, 0, 1, 0, 1, 0, 0, 5368709120, 15, 15, 42, 4919]
q_val
17
index tune cc payload {'direct': [0, 1, 1, 1, 0, 1, 0, 1, 1, 1, 0, 0, 1, 1, 0, 0, 0, 1, 1, 0, 0, 1, 1, 1, 1, 1, 0, 1, 1, 1, 0, 0, 1, 1, 0, 1, 0, 1, 0, 0], 'indirect': [0.390625, 0.015541642952001517, 0.125, 0.0625, 0.0625]}
state here [0, 1, 1, 1, 0, 1, 0, 1, 1, 1, 0, 0, 1, 1, 0, 0, 0, 1, 1, 0, 0, 1, 1, 1, 1, 1, 0, 1, 1, 1, 0, 0, 1, 1, 0, 1, 0, 1, 0, 0, 5368709120, 15, 15, 42, 4919]
q_val
17
index tune cc payload {'direct': [0, 1, 1, 1, 0, 1, 0, 1, 1, 1, 0, 0, 1, 1, 0, 0, 0, 1, 1, 0, 0, 1, 1, 1, 1, 1, 0, 1, 1, 1, 0, 0, 1, 1, 0, 1, 0, 1, 0, 0], 'indirect': [0.390625, 0.015541642952001517, 0.125, 0.0625, 0.0625]}
state here [0, 1, 1, 1, 0, 1, 0, 1, 1, 1, 0, 0, 1, 1, 0, 0, 0, 1, 1, 0, 0, 1, 1, 1, 1, 1, 0, 1, 1, 1, 0, 0, 1, 1, 0, 1, 0, 1, 0, 0, 5368709120, 15, 15, 42, 4919]
random
14
index tune cc payload {'direct': [0, 1, 1, 1, 0, 1, 0, 1, 1, 1, 0, 0, 1, 1, 1, 0, 0, 1, 1, 0, 0, 1, 1, 1, 1, 1, 0, 1, 1, 1, 0, 0, 1, 1, 0, 1, 0, 1, 0, 0], 'indirect': [0.390625, 0.015541642952001517, 0.125, 0.0625, 0.0625]}
state here [0, 1, 1, 1, 0, 1, 0, 1, 1, 1, 0, 0, 1, 1, 1, 0, 0, 1, 1, 0, 0, 1, 1, 1, 1, 1, 0, 1, 1, 1, 0, 0, 1, 1, 0, 1, 0, 1, 0, 0, 5368709120, 15, 15, 42, 4919]
random
12
index tune cc payload {'direct': [0, 1, 1, 1, 0, 1, 0, 1, 1, 1, 0, 0, 0, 1, 1, 0, 0, 1, 1, 0, 0, 1, 1, 1, 1, 1, 0, 1, 1, 1, 0, 0, 1, 1, 0, 1, 0, 1, 0, 0], 'indirect': [0.390625, 0.015541642952001517, 0.125, 0.0625, 0.0625]}
state here [0, 1, 1, 1, 0, 1, 0, 1, 1, 1, 0, 0, 0, 1, 1, 0, 0, 1, 1, 0, 0, 1, 1, 1, 1, 1, 0, 1, 1, 1, 0, 0, 1, 1, 0, 1, 0, 1, 0, 0, 5368709120, 15, 15, 42, 4919]
random
35
index tune cc payload {'direct': [0, 1, 1, 1, 0, 1, 0, 1, 1, 1, 0, 0, 0, 1, 1, 0, 0, 1, 1, 0, 0, 1, 1, 1, 1, 1, 0, 1, 1, 1, 0, 0, 1, 1, 0, 0, 0, 1, 0, 0], 'indirect': [0.390625, 0.015541642952001517, 0.125, 0.0625, 0.0625]}
state here [0, 1, 1, 1, 0, 1, 0, 1, 1, 1, 0, 0, 0, 1, 1, 0, 0, 1, 1, 0, 0, 1, 1, 1, 1, 1, 0, 1, 1, 1, 0, 0, 1, 1, 0, 0, 0, 1, 0, 0, 5368709120, 15, 15, 42, 4919]
random
38
index tune cc payload {'direct': [0, 1, 1, 1, 0, 1, 0, 1, 1, 1, 0, 0, 0, 1, 1, 0, 0, 1, 1, 0, 0, 1, 1, 1, 1, 1, 0, 1, 1, 1, 0, 0, 1, 1, 0, 0, 0, 1, 1, 0], 'indirect': [0.390625, 0.015541642952001517, 0.125, 0.0625, 0.0625]}
state here [0, 1, 1, 1, 0, 1, 0, 1, 1, 1, 0, 0, 0, 1, 1, 0, 0, 1, 1, 0, 0, 1, 1, 1, 1, 1, 0, 1, 1, 1, 0, 0, 1, 1, 0, 0, 0, 1, 1, 0, 5368709120, 15, 15, 42, 4919]
random
34
index tune cc payload {'direct': [0, 1, 1, 1, 0, 1, 0, 1, 1, 1, 0, 0, 0, 1, 1, 0, 0, 1, 1, 0, 0, 1, 1, 1, 1, 1, 0, 1, 1, 1, 0, 0, 1, 1, 1, 0, 0, 1, 1, 0], 'indirect': [0.390625, 0.015541642952001517, 0.125, 0.0625, 0.0625]}
state here [0, 1, 1, 1, 0, 1, 0, 1, 1, 1, 0, 0, 0, 1, 1, 0, 0, 1, 1, 0, 0, 1, 1, 1, 1, 1, 0, 1, 1, 1, 0, 0, 1, 1, 1, 0, 0, 1, 1, 0, 5368709120, 15, 15, 42, 4919]
random
19
index tune cc payload {'direct': [0, 1, 1, 1, 0, 1, 0, 1, 1, 1, 0, 0, 0, 1, 1, 0, 0, 1, 1, 1, 0, 1, 1, 1, 1, 1, 0, 1, 1, 1, 0, 0, 1, 1, 1, 0, 0, 1, 1, 0], 'indirect': [0.390625, 0.015541642952001517, 0.125, 0.0625, 0.0625]}
state here [0, 1, 1, 1, 0, 1, 0, 1, 1, 1, 0, 0, 0, 1, 1, 0, 0, 1, 1, 1, 0, 1, 1, 1, 1, 1, 0, 1, 1, 1, 0, 0, 1, 1, 1, 0, 0, 1, 1, 0, 5368709120, 15, 15, 42, 4919]
random
8
index tune cc payload {'direct': [0, 1, 1, 1, 0, 1, 0, 1, 0, 1, 0, 0, 0, 1, 1, 0, 0, 1, 1, 1, 0, 1, 1, 1, 1, 1, 0, 1, 1, 1, 0, 0, 1, 1, 1, 0, 0, 1, 1, 0], 'indirect': [0.390625, 0.015541642952001517, 0.125, 0.0625, 0.0625]}
state here [0, 1, 1, 1, 0, 1, 0, 1, 0, 1, 0, 0, 0, 1, 1, 0, 0, 1, 1, 1, 0, 1, 1, 1, 1, 1, 0, 1, 1, 1, 0, 0, 1, 1, 1, 0, 0, 1, 1, 0, 5368709120, 15, 15, 42, 4919]
random
4
index tune cc payload {'direct': [0, 1, 1, 1, 1, 1, 0, 1, 0, 1, 0, 0, 0, 1, 1, 0, 0, 1, 1, 1, 0, 1, 1, 1, 1, 1, 0, 1, 1, 1, 0, 0, 1, 1, 1, 0, 0, 1, 1, 0], 'indirect': [0.390625, 0.015541642952001517, 0.125, 0.0625, 0.0625]}
state here [0, 1, 1, 1, 1, 1, 0, 1, 0, 1, 0, 0, 0, 1, 1, 0, 0, 1, 1, 1, 0, 1, 1, 1, 1, 1, 0, 1, 1, 1, 0, 0, 1, 1, 1, 0, 0, 1, 1, 0, 5368709120, 15, 15, 42, 4919]
random
26
index tune cc payload {'direct': [0, 1, 1, 1, 1, 1, 0, 1, 0, 1, 0, 0, 0, 1, 1, 0, 0, 1, 1, 1, 0, 1, 1, 1, 1, 1, 1, 1, 1, 1, 0, 0, 1, 1, 1, 0, 0, 1, 1, 0], 'indirect': [0.390625, 0.015541642952001517, 0.125, 0.0625, 0.0625]}
state here [0, 1, 1, 1, 1, 1, 0, 1, 0, 1, 0, 0, 0, 1, 1, 0, 0, 1, 1, 1, 0, 1, 1, 1, 1, 1, 1, 1, 1, 1, 0, 0, 1, 1, 1, 0, 0, 1, 1, 0, 5368709120, 15, 15, 42, 4919]
random
13
index tune cc payload {'direct': [0, 1, 1, 1, 1, 1, 0, 1, 0, 1, 0, 0, 0, 1, 1, 0, 0, 1, 1, 1, 0, 1, 1, 1, 1, 1, 1, 1, 1, 1, 0, 0, 1, 1, 1, 0, 0, 1, 1, 0], 'indirect': [0.390625, 0.015541642952001517, 0.125, 0.0625, 0.0625]}
state here [0, 1, 1, 1, 1, 1, 0, 1, 0, 1, 0, 0, 0, 1, 1, 0, 0, 1, 1, 1, 0, 1, 1, 1, 1, 1, 1, 1, 1, 1, 0, 0, 1, 1, 1, 0, 0, 1, 1, 0, 5368709120, 15, 15, 42, 4919]
random
39
index tune cc payload {'direct': [0, 1, 1, 1, 1, 1, 0, 1, 0, 1, 0, 0, 0, 1, 1, 0, 0, 1, 1, 1, 0, 1, 1, 1, 1, 1, 1, 1, 1, 1, 0, 0, 1, 1, 1, 0, 0, 1, 1, 1], 'indirect': [0.390625, 0.015541642952001517, 0.125, 0.0625, 0.0625]}
state here [0, 1, 1, 1, 1, 1, 0, 1, 0, 1, 0, 0, 0, 1, 1, 0, 0, 1, 1, 1, 0, 1, 1, 1, 1, 1, 1, 1, 1, 1, 0, 0, 1, 1, 1, 0, 0, 1, 1, 1, 5368709120, 15, 15, 42, 4919]
random
20
index tune cc payload {'direct': [0, 1, 1, 1, 1, 1, 0, 1, 0, 1, 0, 0, 0, 1, 1, 0, 0, 1, 1, 1, 1, 1, 1, 1, 1, 1, 1, 1, 1, 1, 0, 0, 1, 1, 1, 0, 0, 1, 1, 1], 'indirect': [0.390625, 0.015541642952001517, 0.125, 0.0625, 0.0625]}
state here [0, 1, 1, 1, 1, 1, 0, 1, 0, 1, 0, 0, 0, 1, 1, 0, 0, 1, 1, 1, 1, 1, 1, 1, 1, 1, 1, 1, 1, 1, 0, 0, 1, 1, 1, 0, 0, 1, 1, 1, 5368709120, 15, 15, 42, 4919]
random
18
index tune cc payload {'direct': [0, 1, 1, 1, 1, 1, 0, 1, 0, 1, 0, 0, 0, 1, 1, 0, 0, 1, 0, 1, 1, 1, 1, 1, 1, 1, 1, 1, 1, 1, 0, 0, 1, 1, 1, 0, 0, 1, 1, 1], 'indirect': [0.390625, 0.015541642952001517, 0.125, 0.0625, 0.0625]}
state here [0, 1, 1, 1, 1, 1, 0, 1, 0, 1, 0, 0, 0, 1, 1, 0, 0, 1, 0, 1, 1, 1, 1, 1, 1, 1, 1, 1, 1, 1, 0, 0, 1, 1, 1, 0, 0, 1, 1, 1, 5368709120, 15, 15, 42, 4919]
q_val
17
index tune cc payload {'direct': [0, 1, 1, 1, 1, 1, 0, 1, 0, 1, 0, 0, 0, 1, 1, 0, 0, 1, 0, 1, 1, 1, 1, 1, 1, 1, 1, 1, 1, 1, 0, 0, 1, 1, 1, 0, 0, 1, 1, 1], 'indirect': [0.390625, 0.015541642952001517, 0.125, 0.0625, 0.0625]}
state here [0, 1, 1, 1, 1, 1, 0, 1, 0, 1, 0, 0, 0, 1, 1, 0, 0, 1, 0, 1, 1, 1, 1, 1, 1, 1, 1, 1, 1, 1, 0, 0, 1, 1, 1, 0, 0, 1, 1, 1, 5368709120, 15, 15, 42, 4919]
random
37
index tune cc payload {'direct': [0, 1, 1, 1, 1, 1, 0, 1, 0, 1, 0, 0, 0, 1, 1, 0, 0, 1, 0, 1, 1, 1, 1, 1, 1, 1, 1, 1, 1, 1, 0, 0, 1, 1, 1, 0, 0, 1, 1, 1], 'indirect': [0.390625, 0.015541642952001517, 0.125, 0.0625, 0.0625]}
state here [0, 1, 1, 1, 1, 1, 0, 1, 0, 1, 0, 0, 0, 1, 1, 0, 0, 1, 0, 1, 1, 1, 1, 1, 1, 1, 1, 1, 1, 1, 0, 0, 1, 1, 1, 0, 0, 1, 1, 1, 5368709120, 15, 15, 42, 4919]
random
38
index tune cc payload {'direct': [0, 1, 1, 1, 1, 1, 0, 1, 0, 1, 0, 0, 0, 1, 1, 0, 0, 1, 0, 1, 1, 1, 1, 1, 1, 1, 1, 1, 1, 1, 0, 0, 1, 1, 1, 0, 0, 1, 0, 1], 'indirect': [0.390625, 0.015541642952001517, 0.125, 0.0625, 0.0625]}
state here [0, 1, 1, 1, 1, 1, 0, 1, 0, 1, 0, 0, 0, 1, 1, 0, 0, 1, 0, 1, 1, 1, 1, 1, 1, 1, 1, 1, 1, 1, 0, 0, 1, 1, 1, 0, 0, 1, 0, 1, 5368709120, 15, 15, 42, 4919]
random
17
index tune cc payload {'direct': [0, 1, 1, 1, 1, 1, 0, 1, 0, 1, 0, 0, 0, 1, 1, 0, 0, 1, 0, 1, 1, 1, 1, 1, 1, 1, 1, 1, 1, 1, 0, 0, 1, 1, 1, 0, 0, 1, 0, 1], 'indirect': [0.390625, 0.015541642952001517, 0.125, 0.0625, 0.0625]}
state here [0, 1, 1, 1, 1, 1, 0, 1, 0, 1, 0, 0, 0, 1, 1, 0, 0, 1, 0, 1, 1, 1, 1, 1, 1, 1, 1, 1, 1, 1, 0, 0, 1, 1, 1, 0, 0, 1, 0, 1, 5368709120, 15, 15, 42, 4919]
q_val
17
index tune cc payload {'direct': [0, 1, 1, 1, 1, 1, 0, 1, 0, 1, 0, 0, 0, 1, 1, 0, 0, 1, 0, 1, 1, 1, 1, 1, 1, 1, 1, 1, 1, 1, 0, 0, 1, 1, 1, 0, 0, 1, 0, 1], 'indirect': [0.390625, 0.015541642952001517, 0.125, 0.0625, 0.0625]}
state here [0, 1, 1, 1, 1, 1, 0, 1, 0, 1, 0, 0, 0, 1, 1, 0, 0, 1, 0, 1, 1, 1, 1, 1, 1, 1, 1, 1, 1, 1, 0, 0, 1, 1, 1, 0, 0, 1, 0, 1, 5368709120, 15, 15, 42, 4919]
q_val
17
index tune cc payload {'direct': [0, 1, 1, 1, 1, 1, 0, 1, 0, 1, 0, 0, 0, 1, 1, 0, 0, 1, 0, 1, 1, 1, 1, 1, 1, 1, 1, 1, 1, 1, 0, 0, 1, 1, 1, 0, 0, 1, 0, 1], 'indirect': [0.390625, 0.015541642952001517, 0.125, 0.0625, 0.0625]}
state here [0, 1, 1, 1, 1, 1, 0, 1, 0, 1, 0, 0, 0, 1, 1, 0, 0, 1, 0, 1, 1, 1, 1, 1, 1, 1, 1, 1, 1, 1, 0, 0, 1, 1, 1, 0, 0, 1, 0, 1, 5368709120, 15, 15, 42, 4919]
random
20
index tune cc payload {'direct': [0, 1, 1, 1, 1, 1, 0, 1, 0, 1, 0, 0, 0, 1, 1, 0, 0, 1, 0, 1, 0, 1, 1, 1, 1, 1, 1, 1, 1, 1, 0, 0, 1, 1, 1, 0, 0, 1, 0, 1], 'indirect': [0.390625, 0.015541642952001517, 0.125, 0.0625, 0.0625]}
state here [0, 1, 1, 1, 1, 1, 0, 1, 0, 1, 0, 0, 0, 1, 1, 0, 0, 1, 0, 1, 0, 1, 1, 1, 1, 1, 1, 1, 1, 1, 0, 0, 1, 1, 1, 0, 0, 1, 0, 1, 5368709120, 15, 15, 42, 4919]
random
4
index tune cc payload {'direct': [0, 1, 1, 1, 0, 1, 0, 1, 0, 1, 0, 0, 0, 1, 1, 0, 0, 1, 0, 1, 0, 1, 1, 1, 1, 1, 1, 1, 1, 1, 0, 0, 1, 1, 1, 0, 0, 1, 0, 1], 'indirect': [0.390625, 0.015541642952001517, 0.125, 0.0625, 0.0625]}
state here [0, 1, 1, 1, 0, 1, 0, 1, 0, 1, 0, 0, 0, 1, 1, 0, 0, 1, 0, 1, 0, 1, 1, 1, 1, 1, 1, 1, 1, 1, 0, 0, 1, 1, 1, 0, 0, 1, 0, 1, 5368709120, 15, 15, 42, 4919]
q_val
17
index tune cc payload {'direct': [0, 1, 1, 1, 0, 1, 0, 1, 0, 1, 0, 0, 0, 1, 1, 0, 0, 1, 0, 1, 0, 1, 1, 1, 1, 1, 1, 1, 1, 1, 0, 0, 1, 1, 1, 0, 0, 1, 0, 1], 'indirect': [0.390625, 0.015541642952001517, 0.125, 0.0625, 0.0625]}
state here [0, 1, 1, 1, 0, 1, 0, 1, 0, 1, 0, 0, 0, 1, 1, 0, 0, 1, 0, 1, 0, 1, 1, 1, 1, 1, 1, 1, 1, 1, 0, 0, 1, 1, 1, 0, 0, 1, 0, 1, 5368709120, 15, 15, 42, 4919]
random
38
index tune cc payload {'direct': [0, 1, 1, 1, 0, 1, 0, 1, 0, 1, 0, 0, 0, 1, 1, 0, 0, 1, 0, 1, 0, 1, 1, 1, 1, 1, 1, 1, 1, 1, 0, 0, 1, 1, 1, 0, 0, 1, 1, 1], 'indirect': [0.390625, 0.015541642952001517, 0.125, 0.0625, 0.0625]}
state here [0, 1, 1, 1, 0, 1, 0, 1, 0, 1, 0, 0, 0, 1, 1, 0, 0, 1, 0, 1, 0, 1, 1, 1, 1, 1, 1, 1, 1, 1, 0, 0, 1, 1, 1, 0, 0, 1, 1, 1, 5368709120, 15, 15, 42, 4919]
random
36
index tune cc payload {'direct': [0, 1, 1, 1, 0, 1, 0, 1, 0, 1, 0, 0, 0, 1, 1, 0, 0, 1, 0, 1, 0, 1, 1, 1, 1, 1, 1, 1, 1, 1, 0, 0, 1, 1, 1, 0, 1, 1, 1, 1], 'indirect': [0.390625, 0.015541642952001517, 0.125, 0.0625, 0.0625]}
state here [0, 1, 1, 1, 0, 1, 0, 1, 0, 1, 0, 0, 0, 1, 1, 0, 0, 1, 0, 1, 0, 1, 1, 1, 1, 1, 1, 1, 1, 1, 0, 0, 1, 1, 1, 0, 1, 1, 1, 1, 5368709120, 15, 15, 42, 4919]
random
35
index tune cc payload {'direct': [0, 1, 1, 1, 0, 1, 0, 1, 0, 1, 0, 0, 0, 1, 1, 0, 0, 1, 0, 1, 0, 1, 1, 1, 1, 1, 1, 1, 1, 1, 0, 0, 1, 1, 1, 1, 1, 1, 1, 1], 'indirect': [0.390625, 0.015541642952001517, 0.125, 0.0625, 0.0625]}
state here [0, 1, 1, 1, 0, 1, 0, 1, 0, 1, 0, 0, 0, 1, 1, 0, 0, 1, 0, 1, 0, 1, 1, 1, 1, 1, 1, 1, 1, 1, 0, 0, 1, 1, 1, 1, 1, 1, 1, 1, 5368709120, 15, 15, 42, 4919]
random
30
index tune cc payload {'direct': [0, 1, 1, 1, 0, 1, 0, 1, 0, 1, 0, 0, 0, 1, 1, 0, 0, 1, 0, 1, 0, 1, 1, 1, 1, 1, 1, 1, 1, 1, 1, 0, 1, 1, 1, 1, 1, 1, 1, 1], 'indirect': [0.390625, 0.015541642952001517, 0.125, 0.0625, 0.0625]}
state here [0, 1, 1, 1, 0, 1, 0, 1, 0, 1, 0, 0, 0, 1, 1, 0, 0, 1, 0, 1, 0, 1, 1, 1, 1, 1, 1, 1, 1, 1, 1, 0, 1, 1, 1, 1, 1, 1, 1, 1, 5368709120, 15, 15, 42, 4919]
random
39
index tune cc payload {'direct': [0, 1, 1, 1, 0, 1, 0, 1, 0, 1, 0, 0, 0, 1, 1, 0, 0, 1, 0, 1, 0, 1, 1, 1, 1, 1, 1, 1, 1, 1, 1, 0, 1, 1, 1, 1, 1, 1, 1, 0], 'indirect': [0.390625, 0.015541642952001517, 0.125, 0.0625, 0.0625]}
state here [0, 1, 1, 1, 0, 1, 0, 1, 0, 1, 0, 0, 0, 1, 1, 0, 0, 1, 0, 1, 0, 1, 1, 1, 1, 1, 1, 1, 1, 1, 1, 0, 1, 1, 1, 1, 1, 1, 1, 0, 5368709120, 15, 15, 42, 4919]
random
15
index tune cc payload {'direct': [0, 1, 1, 1, 0, 1, 0, 1, 0, 1, 0, 0, 0, 1, 1, 1, 0, 1, 0, 1, 0, 1, 1, 1, 1, 1, 1, 1, 1, 1, 1, 0, 1, 1, 1, 1, 1, 1, 1, 0], 'indirect': [0.390625, 0.015541642952001517, 0.125, 0.0625, 0.0625]}
state here [0, 1, 1, 1, 0, 1, 0, 1, 0, 1, 0, 0, 0, 1, 1, 1, 0, 1, 0, 1, 0, 1, 1, 1, 1, 1, 1, 1, 1, 1, 1, 0, 1, 1, 1, 1, 1, 1, 1, 0, 5368709120, 15, 15, 42, 4919]
q_val
27
index tune cc payload {'direct': [0, 1, 1, 1, 0, 1, 0, 1, 0, 1, 0, 0, 0, 1, 1, 1, 0, 1, 0, 1, 0, 1, 1, 1, 1, 1, 1, 0, 1, 1, 1, 0, 1, 1, 1, 1, 1, 1, 1, 0], 'indirect': [0.390625, 0.015541642952001517, 0.125, 0.0625, 0.0625]}
state here [0, 1, 1, 1, 0, 1, 0, 1, 0, 1, 0, 0, 0, 1, 1, 1, 0, 1, 0, 1, 0, 1, 1, 1, 1, 1, 1, 0, 1, 1, 1, 0, 1, 1, 1, 1, 1, 1, 1, 0, 5368709120, 15, 15, 42, 4919]
random
16
index tune cc payload {'direct': [0, 1, 1, 1, 0, 1, 0, 1, 0, 1, 0, 0, 0, 1, 1, 1, 1, 1, 0, 1, 0, 1, 1, 1, 1, 1, 1, 0, 1, 1, 1, 0, 1, 1, 1, 1, 1, 1, 1, 0], 'indirect': [0.390625, 0.015541642952001517, 0.125, 0.0625, 0.0625]}
state here [0, 1, 1, 1, 0, 1, 0, 1, 0, 1, 0, 0, 0, 1, 1, 1, 1, 1, 0, 1, 0, 1, 1, 1, 1, 1, 1, 0, 1, 1, 1, 0, 1, 1, 1, 1, 1, 1, 1, 0, 5368709120, 15, 15, 42, 4919]
random
21
index tune cc payload {'direct': [0, 1, 1, 1, 0, 1, 0, 1, 0, 1, 0, 0, 0, 1, 1, 1, 1, 1, 0, 1, 0, 1, 1, 1, 1, 1, 1, 0, 1, 1, 1, 0, 1, 1, 1, 1, 1, 1, 1, 0], 'indirect': [0.390625, 0.015541642952001517, 0.125, 0.0625, 0.0625]}
Resetting knobs
update number specified 5
cache workload True
atlas state state_indices_knobs
starting state [0, 1, 1, 1, 0, 1, 0, 1, 0, 1, 0, 0, 0, 1, 1, 1, 1, 1, 0, 1, 0, 1, 1, 1, 1, 1, 1, 0, 1, 1, 1, 0, 1, 1, 1, 1, 1, 1, 1, 0, 134217728, 4, 4, 4, 4000]
length of state 45
actor lr: 0.0001
critic lr: 0.0001
weight decay 0.001
iteration 1 of 660
selected action [0.6630266682240566, 1.4865932771321864, 1.2236913104842326, 1.3615458830970493, -0.3718485064774323]
noise scale: 0.499
iteration 2 of 660
selected action [0.9284068001399471, 0.21684264752187898, 1.1416056383088087, 1.267185852855511, 0.9127248822485958]
noise scale: 0.498002
iteration 3 of 660
selected action [0.6283122229519482, -0.1365950138361537, 0.5386153850952049, 0.36847027369681096, 0.43250305731563243]
noise scale: 0.497005996
iteration 4 of 660
selected action [0.48210802397043867, 0.4069664523891105, 0.5039500740894782, 0.18951154358696604, -0.002839031270729264]
noise scale: 0.496011984008
iteration 5 of 660
selected action [0.06932799012093754, 0.4337532449585619, 0.09202228185619221, 0.7071478843083302, 0.8020336786094469]
noise scale: 0.495019960039984
iteration 6 of 660
selected action [1.201505737147294, 0.08470316154640051, 1.8449010176587752, 0.6005037180632096, -1.131610627070867]
noise scale: 0.49402992011990404
iteration 7 of 660
selected action [0.3487760058292878, 0.35983763201312646, 0.37938014503791506, 0.24939746899653253, -0.08638148952805325]
noise scale: 0.49304186027966423
iteration 8 of 660
selected action [0.20643885294464254, 0.31210807399105356, 0.4833507996490785, 0.2186137792769735, -0.07650321447271391]
noise scale: 0.49205577655910493
iteration 9 of 660
selected action [0.961871210892848, 0.3143020284703293, 1.5316955448776985, 0.2483408481149854, 1.1237310182204054]
noise scale: 0.4910716650059867
iteration 10 of 660
selected action [0.3686475452747865, 0.6553712357627152, 0.18261185366835397, 1.2094441284010289, 1.345740807649526]
noise scale: 0.49008952167597475
iteration 11 of 660
selected action [0.23638474642967527, 0.18656868169621066, 0.6775374281740638, 1.3696211317371683, -0.18985634036647325]
noise scale: 0.4891093426326228
iteration 12 of 660
selected action [1.191103629478309, 0.5859661051550057, 1.2717548628194142, 0.12569308414896596, 0.8176344901309276]
noise scale: 0.4881311239473575
iteration 13 of 660
selected action [0.810016030723713, 0.5924692023474403, 0.0357344218536621, 0.723426346457887, 0.9672136772670729]
noise scale: 0.4871548616994628
iteration 14 of 660
selected action [0.03944525830394158, 0.29489655153622685, 0.0376361299504841, -0.15474707486167616, 0.8685940101309834]
noise scale: 0.4861805519760639
iteration 15 of 660
selected action [0.9528499004700122, 0.1651527188685964, 0.6135410506026737, -0.33881603518007786, 0.3395170588662607]
noise scale: 0.4852081908721118
iteration 16 of 660
selected action [-0.22114274289555713, 0.9201532967566177, 0.9450061145135197, 0.089786621328521, 0.633017004652932]
noise scale: 0.4842377744903676
iteration 17 of 660
selected action [-0.05896597609828402, 0.3315687168225391, 0.6081636057121228, 0.7733099467556128, -0.06900409035597888]
noise scale: 0.48326929894138687
iteration 18 of 660
selected action [1.005957707642728, 0.34045421413876165, 0.4030294609062118, 0.1618670359138178, 0.01926491557627491]
noise scale: 0.4823027603435041
iteration 19 of 660
selected action [-0.017014553951877343, 0.7571660872170236, 0.6483668206471227, 0.04458144170526912, 0.18772372064141263]
noise scale: 0.4813381548228171
iteration 20 of 660
selected action [0.1678010328061867, 0.8463763965434077, 0.4641631068697884, 0.18632601829531287, 0.4599840899641152]
noise scale: 0.48037547851317147
iteration 21 of 660
selected action [-0.4486786973293223, 0.004723493238883936, 0.6203051679759958, 0.6959230920397846, 0.5686916210227959]
noise scale: 0.4794147275561451
iteration 22 of 660
selected action [0.7338500517534604, 1.0376919528075428, 0.8000794967274153, 0.4045470174233189, -0.8001138731959501]
noise scale: 0.47845589810103284
iteration 23 of 660
selected action [1.299955300343465, -0.390730455496192, 0.2503739195845629, 0.9832122033400971, 0.4098534069864642]
Traceback (most recent call last):
  File "models_v4.py", line 2108, in <module>
    atlas_marl_tune({
  File "models_v4.py", line 1877, in atlas_marl_tune
    knob_payload, knob_flag = next(a_knob_prog)
  File "models_v4.py", line 760, in tune
    reward:=getattr(self, reward_func)(self.experience_replay, w2:=getattr(self, reward_signal)(self.config['workload_exec_time'])),
  File "models_v4.py", line 425, in tpch_total_exec_time
    total_time = tpch.TPC_H.total_exec_time()
  File "/home/cc/atlastune/tpch.py", line 202, in total_exec_time
    t2 = cls.rf2_stream()
  File "/home/cc/atlastune/tpch.py", line 98, in rf2_stream
    return cls.rf2(s)
  File "/home/cc/atlastune/tpch.py", line 135, in rf2
    stream.execute(f'''delete from lineitem where l_orderkey = %s''', [int(_id)])
  File "/home/cc/atlastune/mysql_conn.py", line 20, in wrapper
    return f(self, *args, **kwargs)
  File "/home/cc/atlastune/mysql_conn.py", line 247, in execute
    self.cur.execute(*args, **kwargs)
  File "/home/cc/.local/lib/python3.8/site-packages/mysql/connector/cursor.py", line 537, in execute
    self._handle_result(self._connection.cmd_query(stmt))
  File "/home/cc/.local/lib/python3.8/site-packages/mysql/connector/opentelemetry/context_propagation.py", line 97, in wrapper
    return method(cnx, *args, **kwargs)
  File "/home/cc/.local/lib/python3.8/site-packages/mysql/connector/connection.py", line 859, in cmd_query
    result = self._handle_result(self._send_cmd(ServerCmd.QUERY, query))
  File "/home/cc/.local/lib/python3.8/site-packages/mysql/connector/connection.py", line 635, in _handle_result
    raise get_exception(packet)
mysql.connector.errors.DatabaseError: 1206 (HY000): The total number of locks exceeds the lock table size
